{"C:\\Users\\addgg\\Desktop\\Work\\GitHub Projects\\vista_task\\testing\\integratonAndUnit\\components\\createForm.js": {"path":"C:\\Users\\addgg\\Desktop\\Work\\GitHub Projects\\vista_task\\testing\\integratonAndUnit\\components\\createForm.js","statementMap":{"0":{"start":{"line":1,"column":14},"end":{"line":1,"column":30}},"1":{"start":{"line":2,"column":20},"end":{"line":2,"column":51}},"2":{"start":{"line":4,"column":19},"end":{"line":54,"column":1}},"3":{"start":{"line":5,"column":21},"end":{"line":5,"column":35}},"4":{"start":{"line":6,"column":24},"end":{"line":6,"column":110}},"5":{"start":{"line":7,"column":21},"end":{"line":7,"column":39}},"6":{"start":{"line":8,"column":27},"end":{"line":8,"column":45}},"7":{"start":{"line":9,"column":32},"end":{"line":9,"column":50}},"8":{"start":{"line":10,"column":34},"end":{"line":10,"column":55}},"9":{"start":{"line":11,"column":44},"end":{"line":11,"column":62}},"10":{"start":{"line":12,"column":4},"end":{"line":14,"column":11}},"11":{"start":{"line":13,"column":8},"end":{"line":13,"column":36}},"12":{"start":{"line":15,"column":3},"end":{"line":53,"column":4}},"13":{"start":{"line":23,"column":83},"end":{"line":23,"column":103}},"14":{"start":{"line":28,"column":66},"end":{"line":28,"column":90}},"15":{"start":{"line":33,"column":66},"end":{"line":33,"column":88}},"16":{"start":{"line":42,"column":47},"end":{"line":42,"column":109}},"17":{"start":{"line":47,"column":20},"end":{"line":47,"column":39}},"18":{"start":{"line":48,"column":20},"end":{"line":48,"column":125}},"19":{"start":{"line":56,"column":29},"end":{"line":84,"column":1}},"20":{"start":{"line":57,"column":18},"end":{"line":57,"column":49}},"21":{"start":{"line":58,"column":17},"end":{"line":58,"column":56}},"22":{"start":{"line":61,"column":4},"end":{"line":61,"column":145}},"23":{"start":{"line":61,"column":61},"end":{"line":61,"column":145}},"24":{"start":{"line":63,"column":20},"end":{"line":68,"column":5}},"25":{"start":{"line":69,"column":33},"end":{"line":76,"column":6}},"26":{"start":{"line":77,"column":4},"end":{"line":83,"column":5}},"27":{"start":{"line":78,"column":38},"end":{"line":78,"column":71}},"28":{"start":{"line":79,"column":8},"end":{"line":80,"column":102}},"29":{"start":{"line":79,"column":49},"end":{"line":79,"column":130}},"30":{"start":{"line":80,"column":13},"end":{"line":80,"column":102}},"31":{"start":{"line":85,"column":24},"end":{"line":95,"column":1}},"32":{"start":{"line":86,"column":24},"end":{"line":86,"column":42}},"33":{"start":{"line":87,"column":4},"end":{"line":87,"column":27}},"34":{"start":{"line":88,"column":4},"end":{"line":88,"column":33}},"35":{"start":{"line":89,"column":4},"end":{"line":89,"column":60}},"36":{"start":{"line":90,"column":4},"end":{"line":94,"column":13}},"37":{"start":{"line":91,"column":8},"end":{"line":91,"column":32}},"38":{"start":{"line":92,"column":8},"end":{"line":92,"column":41}},"39":{"start":{"line":93,"column":8},"end":{"line":93,"column":37}},"40":{"start":{"line":97,"column":0},"end":{"line":99,"column":1}}},"fnMap":{"0":{"name":"(anonymous_0)","decl":{"start":{"line":4,"column":19},"end":{"line":4,"column":20}},"loc":{"start":{"line":4,"column":30},"end":{"line":54,"column":1}},"line":4},"1":{"name":"(anonymous_1)","decl":{"start":{"line":12,"column":20},"end":{"line":12,"column":21}},"loc":{"start":{"line":12,"column":26},"end":{"line":14,"column":5}},"line":12},"2":{"name":"(anonymous_2)","decl":{"start":{"line":23,"column":77},"end":{"line":23,"column":78}},"loc":{"start":{"line":23,"column":83},"end":{"line":23,"column":103}},"line":23},"3":{"name":"(anonymous_3)","decl":{"start":{"line":28,"column":60},"end":{"line":28,"column":61}},"loc":{"start":{"line":28,"column":66},"end":{"line":28,"column":90}},"line":28},"4":{"name":"(anonymous_4)","decl":{"start":{"line":33,"column":60},"end":{"line":33,"column":61}},"loc":{"start":{"line":33,"column":66},"end":{"line":33,"column":88}},"line":33},"5":{"name":"(anonymous_5)","decl":{"start":{"line":42,"column":40},"end":{"line":42,"column":41}},"loc":{"start":{"line":42,"column":47},"end":{"line":42,"column":109}},"line":42},"6":{"name":"(anonymous_6)","decl":{"start":{"line":46,"column":86},"end":{"line":46,"column":87}},"loc":{"start":{"line":46,"column":93},"end":{"line":49,"column":17}},"line":46},"7":{"name":"(anonymous_7)","decl":{"start":{"line":56,"column":29},"end":{"line":56,"column":30}},"loc":{"start":{"line":56,"column":127},"end":{"line":84,"column":1}},"line":56},"8":{"name":"(anonymous_8)","decl":{"start":{"line":85,"column":24},"end":{"line":85,"column":25}},"loc":{"start":{"line":85,"column":51},"end":{"line":95,"column":1}},"line":85},"9":{"name":"(anonymous_9)","decl":{"start":{"line":90,"column":15},"end":{"line":90,"column":16}},"loc":{"start":{"line":90,"column":21},"end":{"line":94,"column":5}},"line":90}},"branchMap":{"0":{"loc":{"start":{"line":6,"column":24},"end":{"line":6,"column":110}},"type":"binary-expr","locations":[{"start":{"line":6,"column":24},"end":{"line":6,"column":41}},{"start":{"line":6,"column":45},"end":{"line":6,"column":81}},{"start":{"line":6,"column":85},"end":{"line":6,"column":110}}],"line":6},"1":{"loc":{"start":{"line":19,"column":145},"end":{"line":19,"column":235}},"type":"cond-expr","locations":[{"start":{"line":19,"column":184},"end":{"line":19,"column":230}},{"start":{"line":19,"column":233},"end":{"line":19,"column":235}}],"line":19},"2":{"loc":{"start":{"line":20,"column":124},"end":{"line":20,"column":213}},"type":"cond-expr","locations":[{"start":{"line":20,"column":163},"end":{"line":20,"column":208}},{"start":{"line":20,"column":211},"end":{"line":20,"column":213}}],"line":20},"3":{"loc":{"start":{"line":20,"column":231},"end":{"line":20,"column":263}},"type":"cond-expr","locations":[{"start":{"line":20,"column":251},"end":{"line":20,"column":255}},{"start":{"line":20,"column":258},"end":{"line":20,"column":263}}],"line":20},"4":{"loc":{"start":{"line":24,"column":29},"end":{"line":24,"column":110}},"type":"cond-expr","locations":[{"start":{"line":24,"column":68},"end":{"line":24,"column":105}},{"start":{"line":24,"column":108},"end":{"line":24,"column":110}}],"line":24},"5":{"loc":{"start":{"line":29,"column":29},"end":{"line":29,"column":113}},"type":"cond-expr","locations":[{"start":{"line":29,"column":68},"end":{"line":29,"column":108}},{"start":{"line":29,"column":111},"end":{"line":29,"column":113}}],"line":29},"6":{"loc":{"start":{"line":34,"column":29},"end":{"line":34,"column":112}},"type":"cond-expr","locations":[{"start":{"line":34,"column":68},"end":{"line":34,"column":107}},{"start":{"line":34,"column":110},"end":{"line":34,"column":112}}],"line":34},"7":{"loc":{"start":{"line":41,"column":33},"end":{"line":41,"column":115}},"type":"cond-expr","locations":[{"start":{"line":41,"column":72},"end":{"line":41,"column":110}},{"start":{"line":41,"column":113},"end":{"line":41,"column":115}}],"line":41},"8":{"loc":{"start":{"line":42,"column":47},"end":{"line":42,"column":109}},"type":"cond-expr","locations":[{"start":{"line":42,"column":73},"end":{"line":42,"column":89}},{"start":{"line":42,"column":92},"end":{"line":42,"column":109}}],"line":42},"9":{"loc":{"start":{"line":49,"column":39},"end":{"line":49,"column":119}},"type":"cond-expr","locations":[{"start":{"line":49,"column":78},"end":{"line":49,"column":114}},{"start":{"line":49,"column":117},"end":{"line":49,"column":119}}],"line":49},"10":{"loc":{"start":{"line":61,"column":4},"end":{"line":61,"column":145}},"type":"if","locations":[{"start":{"line":61,"column":4},"end":{"line":61,"column":145}},{"start":{},"end":{}}],"line":61},"11":{"loc":{"start":{"line":61,"column":8},"end":{"line":61,"column":59}},"type":"binary-expr","locations":[{"start":{"line":61,"column":8},"end":{"line":61,"column":20}},{"start":{"line":61,"column":24},"end":{"line":61,"column":35}},{"start":{"line":61,"column":39},"end":{"line":61,"column":59}}],"line":61},"12":{"loc":{"start":{"line":77,"column":4},"end":{"line":83,"column":5}},"type":"if","locations":[{"start":{"line":77,"column":4},"end":{"line":83,"column":5}},{"start":{"line":81,"column":11},"end":{"line":83,"column":5}}],"line":77},"13":{"loc":{"start":{"line":79,"column":8},"end":{"line":80,"column":102}},"type":"if","locations":[{"start":{"line":79,"column":8},"end":{"line":80,"column":102}},{"start":{"line":80,"column":13},"end":{"line":80,"column":102}}],"line":79},"14":{"loc":{"start":{"line":89,"column":25},"end":{"line":89,"column":59}},"type":"cond-expr","locations":[{"start":{"line":89,"column":44},"end":{"line":89,"column":49}},{"start":{"line":89,"column":52},"end":{"line":89,"column":59}}],"line":89}},"s":{"0":1,"1":1,"2":1,"3":4,"4":4,"5":4,"6":4,"7":4,"8":4,"9":4,"10":4,"11":1,"12":4,"13":0,"14":2,"15":0,"16":0,"17":4,"18":4,"19":1,"20":4,"21":4,"22":4,"23":2,"24":2,"25":2,"26":2,"27":2,"28":2,"29":1,"30":1,"31":1,"32":4,"33":4,"34":4,"35":4,"36":4,"37":3,"38":3,"39":3,"40":1},"f":{"0":4,"1":1,"2":0,"3":2,"4":0,"5":0,"6":4,"7":4,"8":4,"9":3},"b":{"0":[4,0,0],"1":[3,1],"2":[3,1],"3":[0,4],"4":[3,1],"5":[3,1],"6":[3,1],"7":[3,1],"8":[0,0],"9":[3,1],"10":[2,2],"11":[4,3,3],"12":[2,0],"13":[1,1],"14":[3,1]},"_coverageSchema":"1a1c01bbd47fc00a2c39e90264f33305004495a9","hash":"e5c2c7d59222a15ddc251323cd126b060d2a71df"}
,"C:\\Users\\addgg\\Desktop\\Work\\GitHub Projects\\vista_task\\testing\\integratonAndUnit\\components\\login.js": {"path":"C:\\Users\\addgg\\Desktop\\Work\\GitHub Projects\\vista_task\\testing\\integratonAndUnit\\components\\login.js","statementMap":{"0":{"start":{"line":1,"column":14},"end":{"line":1,"column":30}},"1":{"start":{"line":2,"column":20},"end":{"line":2,"column":51}},"2":{"start":{"line":4,"column":14},"end":{"line":41,"column":1}},"3":{"start":{"line":5,"column":21},"end":{"line":5,"column":35}},"4":{"start":{"line":6,"column":21},"end":{"line":6,"column":39}},"5":{"start":{"line":7,"column":24},"end":{"line":7,"column":42}},"6":{"start":{"line":8,"column":23},"end":{"line":8,"column":41}},"7":{"start":{"line":9,"column":44},"end":{"line":9,"column":62}},"8":{"start":{"line":10,"column":4},"end":{"line":12,"column":11}},"9":{"start":{"line":11,"column":8},"end":{"line":11,"column":36}},"10":{"start":{"line":13,"column":4},"end":{"line":40,"column":5}},"11":{"start":{"line":19,"column":34},"end":{"line":19,"column":73}},"12":{"start":{"line":20,"column":35},"end":{"line":20,"column":73}},"13":{"start":{"line":21,"column":12},"end":{"line":24,"column":13}},"14":{"start":{"line":22,"column":16},"end":{"line":22,"column":46}},"15":{"start":{"line":23,"column":16},"end":{"line":23,"column":47}},"16":{"start":{"line":26,"column":34},"end":{"line":26,"column":73}},"17":{"start":{"line":27,"column":35},"end":{"line":27,"column":73}},"18":{"start":{"line":28,"column":12},"end":{"line":32,"column":13}},"19":{"start":{"line":29,"column":16},"end":{"line":29,"column":47}},"20":{"start":{"line":30,"column":16},"end":{"line":30,"column":48}},"21":{"start":{"line":31,"column":16},"end":{"line":31,"column":45}},"22":{"start":{"line":34,"column":12},"end":{"line":34,"column":31}},"23":{"start":{"line":35,"column":12},"end":{"line":35,"column":86}},"24":{"start":{"line":36,"column":32},"end":{"line":36,"column":72}},"25":{"start":{"line":43,"column":23},"end":{"line":63,"column":1}},"26":{"start":{"line":44,"column":20},"end":{"line":47,"column":5}},"27":{"start":{"line":48,"column":25},"end":{"line":55,"column":6}},"28":{"start":{"line":56,"column":4},"end":{"line":62,"column":5}},"29":{"start":{"line":57,"column":30},"end":{"line":57,"column":55}},"30":{"start":{"line":58,"column":8},"end":{"line":59,"column":68}},"31":{"start":{"line":58,"column":41},"end":{"line":58,"column":135}},"32":{"start":{"line":59,"column":13},"end":{"line":59,"column":68}},"33":{"start":{"line":65,"column":0},"end":{"line":67,"column":1}}},"fnMap":{"0":{"name":"(anonymous_0)","decl":{"start":{"line":4,"column":14},"end":{"line":4,"column":15}},"loc":{"start":{"line":4,"column":25},"end":{"line":41,"column":1}},"line":4},"1":{"name":"(anonymous_1)","decl":{"start":{"line":10,"column":20},"end":{"line":10,"column":21}},"loc":{"start":{"line":10,"column":26},"end":{"line":12,"column":5}},"line":10},"2":{"name":"(anonymous_2)","decl":{"start":{"line":18,"column":73},"end":{"line":18,"column":74}},"loc":{"start":{"line":18,"column":79},"end":{"line":25,"column":9}},"line":18},"3":{"name":"(anonymous_3)","decl":{"start":{"line":25,"column":27},"end":{"line":25,"column":28}},"loc":{"start":{"line":25,"column":33},"end":{"line":33,"column":9}},"line":25},"4":{"name":"(anonymous_4)","decl":{"start":{"line":33,"column":20},"end":{"line":33,"column":21}},"loc":{"start":{"line":33,"column":27},"end":{"line":36,"column":9}},"line":33},"5":{"name":"(anonymous_5)","decl":{"start":{"line":36,"column":25},"end":{"line":36,"column":26}},"loc":{"start":{"line":36,"column":32},"end":{"line":36,"column":72}},"line":36},"6":{"name":"(anonymous_6)","decl":{"start":{"line":43,"column":23},"end":{"line":43,"column":24}},"loc":{"start":{"line":43,"column":97},"end":{"line":63,"column":1}},"line":43}},"branchMap":{"0":{"loc":{"start":{"line":15,"column":140},"end":{"line":15,"column":229}},"type":"cond-expr","locations":[{"start":{"line":15,"column":179},"end":{"line":15,"column":224}},{"start":{"line":15,"column":227},"end":{"line":15,"column":229}}],"line":15},"1":{"loc":{"start":{"line":16,"column":152},"end":{"line":16,"column":244}},"type":"cond-expr","locations":[{"start":{"line":16,"column":191},"end":{"line":16,"column":239}},{"start":{"line":16,"column":242},"end":{"line":16,"column":244}}],"line":16},"2":{"loc":{"start":{"line":21,"column":12},"end":{"line":24,"column":13}},"type":"if","locations":[{"start":{"line":21,"column":12},"end":{"line":24,"column":13}},{"start":{},"end":{}}],"line":21},"3":{"loc":{"start":{"line":21,"column":16},"end":{"line":21,"column":47}},"type":"binary-expr","locations":[{"start":{"line":21,"column":16},"end":{"line":21,"column":29}},{"start":{"line":21,"column":33},"end":{"line":21,"column":47}}],"line":21},"4":{"loc":{"start":{"line":28,"column":12},"end":{"line":32,"column":13}},"type":"if","locations":[{"start":{"line":28,"column":12},"end":{"line":32,"column":13}},{"start":{},"end":{}}],"line":28},"5":{"loc":{"start":{"line":28,"column":16},"end":{"line":28,"column":47}},"type":"binary-expr","locations":[{"start":{"line":28,"column":16},"end":{"line":28,"column":29}},{"start":{"line":28,"column":33},"end":{"line":28,"column":47}}],"line":28},"6":{"loc":{"start":{"line":38,"column":30},"end":{"line":38,"column":107}},"type":"cond-expr","locations":[{"start":{"line":38,"column":66},"end":{"line":38,"column":95}},{"start":{"line":38,"column":98},"end":{"line":38,"column":107}}],"line":38},"7":{"loc":{"start":{"line":38,"column":113},"end":{"line":38,"column":194}},"type":"cond-expr","locations":[{"start":{"line":38,"column":152},"end":{"line":38,"column":189}},{"start":{"line":38,"column":192},"end":{"line":38,"column":194}}],"line":38},"8":{"loc":{"start":{"line":56,"column":4},"end":{"line":62,"column":5}},"type":"if","locations":[{"start":{"line":56,"column":4},"end":{"line":62,"column":5}},{"start":{"line":60,"column":11},"end":{"line":62,"column":5}}],"line":56},"9":{"loc":{"start":{"line":58,"column":8},"end":{"line":59,"column":68}},"type":"if","locations":[{"start":{"line":58,"column":8},"end":{"line":59,"column":68}},{"start":{"line":59,"column":13},"end":{"line":59,"column":68}}],"line":58}},"s":{"0":1,"1":1,"2":1,"3":2,"4":2,"5":2,"6":2,"7":2,"8":2,"9":1,"10":2,"11":0,"12":0,"13":0,"14":0,"15":0,"16":0,"17":0,"18":0,"19":0,"20":0,"21":0,"22":2,"23":2,"24":2,"25":1,"26":2,"27":2,"28":2,"29":2,"30":2,"31":1,"32":1,"33":1},"f":{"0":2,"1":1,"2":0,"3":0,"4":2,"5":2,"6":2},"b":{"0":[1,1],"1":[1,1],"2":[0,0],"3":[0,0],"4":[0,0],"5":[0,0],"6":[0,2],"7":[1,1],"8":[2,0],"9":[1,1]},"_coverageSchema":"1a1c01bbd47fc00a2c39e90264f33305004495a9","hash":"5b2713fd1102b355e99a8a7fdb417976ab2336ef"}
,"C:\\Users\\addgg\\Desktop\\Work\\GitHub Projects\\vista_task\\testing\\integratonAndUnit\\components\\manageView.js": {"path":"C:\\Users\\addgg\\Desktop\\Work\\GitHub Projects\\vista_task\\testing\\integratonAndUnit\\components\\manageView.js","statementMap":{"0":{"start":{"line":1,"column":14},"end":{"line":1,"column":30}},"1":{"start":{"line":2,"column":20},"end":{"line":2,"column":51}},"2":{"start":{"line":4,"column":19},"end":{"line":306,"column":1}},"3":{"start":{"line":5,"column":21},"end":{"line":5,"column":35}},"4":{"start":{"line":6,"column":29},"end":{"line":6,"column":47}},"5":{"start":{"line":7,"column":35},"end":{"line":7,"column":53}},"6":{"start":{"line":8,"column":36},"end":{"line":8,"column":61}},"7":{"start":{"line":9,"column":44},"end":{"line":9,"column":61}},"8":{"start":{"line":10,"column":48},"end":{"line":10,"column":66}},"9":{"start":{"line":12,"column":25},"end":{"line":12,"column":43}},"10":{"start":{"line":13,"column":26},"end":{"line":13,"column":44}},"11":{"start":{"line":14,"column":32},"end":{"line":14,"column":53}},"12":{"start":{"line":15,"column":44},"end":{"line":15,"column":62}},"13":{"start":{"line":17,"column":32},"end":{"line":17,"column":50}},"14":{"start":{"line":19,"column":34},"end":{"line":19,"column":55}},"15":{"start":{"line":21,"column":50},"end":{"line":21,"column":71}},"16":{"start":{"line":23,"column":44},"end":{"line":23,"column":65}},"17":{"start":{"line":24,"column":64},"end":{"line":24,"column":85}},"18":{"start":{"line":25,"column":44},"end":{"line":25,"column":62}},"19":{"start":{"line":27,"column":31},"end":{"line":30,"column":5}},"20":{"start":{"line":28,"column":8},"end":{"line":28,"column":45}},"21":{"start":{"line":29,"column":8},"end":{"line":29,"column":46}},"22":{"start":{"line":31,"column":30},"end":{"line":34,"column":5}},"23":{"start":{"line":32,"column":8},"end":{"line":32,"column":46}},"24":{"start":{"line":33,"column":8},"end":{"line":33,"column":47}},"25":{"start":{"line":35,"column":30},"end":{"line":52,"column":5}},"26":{"start":{"line":36,"column":8},"end":{"line":51,"column":9}},"27":{"start":{"line":38,"column":29},"end":{"line":38,"column":66}},"28":{"start":{"line":39,"column":12},"end":{"line":46,"column":13}},"29":{"start":{"line":40,"column":16},"end":{"line":45,"column":17}},"30":{"start":{"line":41,"column":20},"end":{"line":41,"column":45}},"31":{"start":{"line":42,"column":20},"end":{"line":42,"column":43}},"32":{"start":{"line":43,"column":20},"end":{"line":43,"column":53}},"33":{"start":{"line":44,"column":20},"end":{"line":44,"column":33}},"34":{"start":{"line":48,"column":12},"end":{"line":48,"column":35}},"35":{"start":{"line":49,"column":12},"end":{"line":49,"column":45}},"36":{"start":{"line":50,"column":12},"end":{"line":50,"column":25}},"37":{"start":{"line":53,"column":24},"end":{"line":65,"column":5}},"38":{"start":{"line":54,"column":26},"end":{"line":54,"column":66}},"39":{"start":{"line":55,"column":8},"end":{"line":64,"column":9}},"40":{"start":{"line":56,"column":28},"end":{"line":56,"column":48}},"41":{"start":{"line":57,"column":12},"end":{"line":63,"column":13}},"42":{"start":{"line":58,"column":16},"end":{"line":58,"column":49}},"43":{"start":{"line":59,"column":16},"end":{"line":59,"column":59}},"44":{"start":{"line":60,"column":16},"end":{"line":60,"column":64}},"45":{"start":{"line":61,"column":16},"end":{"line":61,"column":66}},"46":{"start":{"line":62,"column":16},"end":{"line":62,"column":68}},"47":{"start":{"line":66,"column":36},"end":{"line":73,"column":5}},"48":{"start":{"line":67,"column":26},"end":{"line":67,"column":67}},"49":{"start":{"line":68,"column":28},"end":{"line":68,"column":70}},"50":{"start":{"line":69,"column":28},"end":{"line":69,"column":71}},"51":{"start":{"line":70,"column":8},"end":{"line":70,"column":49}},"52":{"start":{"line":70,"column":23},"end":{"line":70,"column":49}},"53":{"start":{"line":71,"column":8},"end":{"line":71,"column":51}},"54":{"start":{"line":71,"column":24},"end":{"line":71,"column":51}},"55":{"start":{"line":72,"column":8},"end":{"line":72,"column":53}},"56":{"start":{"line":72,"column":25},"end":{"line":72,"column":53}},"57":{"start":{"line":75,"column":4},"end":{"line":80,"column":47}},"58":{"start":{"line":76,"column":8},"end":{"line":76,"column":33}},"59":{"start":{"line":77,"column":8},"end":{"line":77,"column":96}},"60":{"start":{"line":77,"column":31},"end":{"line":77,"column":96}},"61":{"start":{"line":78,"column":8},"end":{"line":78,"column":106}},"62":{"start":{"line":78,"column":31},"end":{"line":78,"column":106}},"63":{"start":{"line":79,"column":8},"end":{"line":79,"column":125}},"64":{"start":{"line":79,"column":33},"end":{"line":79,"column":125}},"65":{"start":{"line":81,"column":4},"end":{"line":86,"column":37}},"66":{"start":{"line":82,"column":8},"end":{"line":82,"column":33}},"67":{"start":{"line":83,"column":8},"end":{"line":83,"column":58}},"68":{"start":{"line":83,"column":37},"end":{"line":83,"column":58}},"69":{"start":{"line":84,"column":8},"end":{"line":84,"column":58}},"70":{"start":{"line":84,"column":39},"end":{"line":84,"column":58}},"71":{"start":{"line":87,"column":4},"end":{"line":92,"column":22}},"72":{"start":{"line":89,"column":8},"end":{"line":91,"column":9}},"73":{"start":{"line":90,"column":12},"end":{"line":90,"column":53}},"74":{"start":{"line":93,"column":4},"end":{"line":98,"column":16}},"75":{"start":{"line":94,"column":8},"end":{"line":94,"column":33}},"76":{"start":{"line":95,"column":8},"end":{"line":97,"column":9}},"77":{"start":{"line":96,"column":12},"end":{"line":96,"column":87}},"78":{"start":{"line":100,"column":4},"end":{"line":104,"column":24}},"79":{"start":{"line":101,"column":8},"end":{"line":103,"column":9}},"80":{"start":{"line":102,"column":12},"end":{"line":102,"column":54}},"81":{"start":{"line":105,"column":4},"end":{"line":117,"column":23}},"82":{"start":{"line":106,"column":8},"end":{"line":116,"column":9}},"83":{"start":{"line":107,"column":12},"end":{"line":113,"column":13}},"84":{"start":{"line":108,"column":16},"end":{"line":112,"column":17}},"85":{"start":{"line":109,"column":20},"end":{"line":109,"column":52}},"86":{"start":{"line":111,"column":20},"end":{"line":111,"column":53}},"87":{"start":{"line":114,"column":15},"end":{"line":116,"column":9}},"88":{"start":{"line":115,"column":12},"end":{"line":115,"column":25}},"89":{"start":{"line":118,"column":4},"end":{"line":130,"column":32}},"90":{"start":{"line":119,"column":8},"end":{"line":129,"column":9}},"91":{"start":{"line":120,"column":30},"end":{"line":120,"column":70}},"92":{"start":{"line":121,"column":12},"end":{"line":128,"column":13}},"93":{"start":{"line":122,"column":32},"end":{"line":122,"column":52}},"94":{"start":{"line":123,"column":16},"end":{"line":127,"column":17}},"95":{"start":{"line":124,"column":20},"end":{"line":124,"column":80}},"96":{"start":{"line":125,"column":20},"end":{"line":125,"column":59}},"97":{"start":{"line":126,"column":20},"end":{"line":126,"column":65}},"98":{"start":{"line":131,"column":4},"end":{"line":133,"column":11}},"99":{"start":{"line":132,"column":8},"end":{"line":132,"column":36}},"100":{"start":{"line":134,"column":2},"end":{"line":305,"column":3}},"101":{"start":{"line":142,"column":35},"end":{"line":142,"column":57}},"102":{"start":{"line":147,"column":34},"end":{"line":147,"column":52}},"103":{"start":{"line":152,"column":34},"end":{"line":152,"column":55}},"104":{"start":{"line":162,"column":16},"end":{"line":162,"column":36}},"105":{"start":{"line":163,"column":16},"end":{"line":163,"column":83}},"106":{"start":{"line":170,"column":16},"end":{"line":170,"column":36}},"107":{"start":{"line":171,"column":36},"end":{"line":171,"column":54}},"108":{"start":{"line":172,"column":16},"end":{"line":172,"column":93}},"109":{"start":{"line":182,"column":53},"end":{"line":182,"column":69}},"110":{"start":{"line":187,"column":54},"end":{"line":187,"column":71}},"111":{"start":{"line":194,"column":41},"end":{"line":194,"column":64}},"112":{"start":{"line":195,"column":31},"end":{"line":195,"column":52}},"113":{"start":{"line":196,"column":16},"end":{"line":210,"column":17}},"114":{"start":{"line":197,"column":20},"end":{"line":197,"column":40}},"115":{"start":{"line":198,"column":20},"end":{"line":202,"column":23}},"116":{"start":{"line":198,"column":56},"end":{"line":202,"column":23}},"117":{"start":{"line":199,"column":45},"end":{"line":199,"column":54}},"118":{"start":{"line":200,"column":24},"end":{"line":200,"column":50}},"119":{"start":{"line":201,"column":24},"end":{"line":201,"column":43}},"120":{"start":{"line":204,"column":20},"end":{"line":209,"column":23}},"121":{"start":{"line":205,"column":45},"end":{"line":205,"column":54}},"122":{"start":{"line":206,"column":44},"end":{"line":206,"column":72}},"123":{"start":{"line":207,"column":24},"end":{"line":207,"column":62}},"124":{"start":{"line":208,"column":24},"end":{"line":208,"column":43}},"125":{"start":{"line":214,"column":41},"end":{"line":214,"column":64}},"126":{"start":{"line":215,"column":31},"end":{"line":215,"column":52}},"127":{"start":{"line":216,"column":16},"end":{"line":230,"column":17}},"128":{"start":{"line":217,"column":20},"end":{"line":217,"column":40}},"129":{"start":{"line":218,"column":20},"end":{"line":222,"column":23}},"130":{"start":{"line":218,"column":56},"end":{"line":222,"column":23}},"131":{"start":{"line":219,"column":45},"end":{"line":219,"column":54}},"132":{"start":{"line":220,"column":24},"end":{"line":220,"column":50}},"133":{"start":{"line":221,"column":24},"end":{"line":221,"column":43}},"134":{"start":{"line":224,"column":20},"end":{"line":229,"column":23}},"135":{"start":{"line":225,"column":45},"end":{"line":225,"column":54}},"136":{"start":{"line":226,"column":44},"end":{"line":226,"column":72}},"137":{"start":{"line":227,"column":24},"end":{"line":227,"column":62}},"138":{"start":{"line":228,"column":24},"end":{"line":228,"column":43}},"139":{"start":{"line":234,"column":41},"end":{"line":234,"column":64}},"140":{"start":{"line":235,"column":31},"end":{"line":235,"column":52}},"141":{"start":{"line":236,"column":16},"end":{"line":250,"column":17}},"142":{"start":{"line":237,"column":20},"end":{"line":237,"column":40}},"143":{"start":{"line":238,"column":20},"end":{"line":242,"column":23}},"144":{"start":{"line":238,"column":56},"end":{"line":242,"column":23}},"145":{"start":{"line":239,"column":45},"end":{"line":239,"column":54}},"146":{"start":{"line":240,"column":24},"end":{"line":240,"column":50}},"147":{"start":{"line":241,"column":24},"end":{"line":241,"column":43}},"148":{"start":{"line":244,"column":20},"end":{"line":249,"column":23}},"149":{"start":{"line":245,"column":45},"end":{"line":245,"column":54}},"150":{"start":{"line":246,"column":44},"end":{"line":246,"column":72}},"151":{"start":{"line":247,"column":24},"end":{"line":247,"column":62}},"152":{"start":{"line":248,"column":24},"end":{"line":248,"column":43}},"153":{"start":{"line":258,"column":66},"end":{"line":258,"column":138}},"154":{"start":{"line":284,"column":50},"end":{"line":284,"column":70}},"155":{"start":{"line":289,"column":50},"end":{"line":289,"column":74}},"156":{"start":{"line":294,"column":51},"end":{"line":294,"column":73}},"157":{"start":{"line":297,"column":118},"end":{"line":297,"column":183}},"158":{"start":{"line":309,"column":24},"end":{"line":322,"column":1}},"159":{"start":{"line":310,"column":31},"end":{"line":313,"column":6}},"160":{"start":{"line":314,"column":4},"end":{"line":321,"column":5}},"161":{"start":{"line":315,"column":36},"end":{"line":315,"column":67}},"162":{"start":{"line":316,"column":8},"end":{"line":316,"column":41}},"163":{"start":{"line":317,"column":8},"end":{"line":317,"column":50}},"164":{"start":{"line":318,"column":8},"end":{"line":318,"column":27}},"165":{"start":{"line":323,"column":23},"end":{"line":340,"column":1}},"166":{"start":{"line":324,"column":30},"end":{"line":327,"column":6}},"167":{"start":{"line":328,"column":4},"end":{"line":339,"column":5}},"168":{"start":{"line":329,"column":35},"end":{"line":329,"column":65}},"169":{"start":{"line":330,"column":8},"end":{"line":336,"column":9}},"170":{"start":{"line":331,"column":12},"end":{"line":331,"column":44}},"171":{"start":{"line":332,"column":12},"end":{"line":332,"column":53}},"172":{"start":{"line":333,"column":12},"end":{"line":333,"column":31}},"173":{"start":{"line":335,"column":12},"end":{"line":335,"column":29}},"174":{"start":{"line":341,"column":26},"end":{"line":358,"column":1}},"175":{"start":{"line":342,"column":34},"end":{"line":345,"column":6}},"176":{"start":{"line":346,"column":4},"end":{"line":357,"column":5}},"177":{"start":{"line":347,"column":39},"end":{"line":347,"column":73}},"178":{"start":{"line":348,"column":8},"end":{"line":354,"column":9}},"179":{"start":{"line":349,"column":12},"end":{"line":349,"column":48}},"180":{"start":{"line":350,"column":12},"end":{"line":350,"column":57}},"181":{"start":{"line":351,"column":12},"end":{"line":351,"column":31}},"182":{"start":{"line":353,"column":12},"end":{"line":353,"column":29}},"183":{"start":{"line":360,"column":27},"end":{"line":376,"column":1}},"184":{"start":{"line":361,"column":39},"end":{"line":368,"column":6}},"185":{"start":{"line":369,"column":4},"end":{"line":375,"column":5}},"186":{"start":{"line":370,"column":44},"end":{"line":370,"column":83}},"187":{"start":{"line":371,"column":8},"end":{"line":371,"column":61}},"188":{"start":{"line":372,"column":8},"end":{"line":372,"column":69}},"189":{"start":{"line":377,"column":24},"end":{"line":392,"column":1}},"190":{"start":{"line":378,"column":20},"end":{"line":380,"column":5}},"191":{"start":{"line":381,"column":29},"end":{"line":384,"column":6}},"192":{"start":{"line":385,"column":4},"end":{"line":391,"column":5}},"193":{"start":{"line":386,"column":34},"end":{"line":386,"column":63}},"194":{"start":{"line":387,"column":8},"end":{"line":388,"column":31}},"195":{"start":{"line":387,"column":31},"end":{"line":387,"column":48}},"196":{"start":{"line":388,"column":13},"end":{"line":388,"column":31}},"197":{"start":{"line":394,"column":21},"end":{"line":413,"column":1}},"198":{"start":{"line":395,"column":26},"end":{"line":402,"column":6}},"199":{"start":{"line":403,"column":4},"end":{"line":412,"column":5}},"200":{"start":{"line":404,"column":31},"end":{"line":404,"column":57}},"201":{"start":{"line":405,"column":8},"end":{"line":405,"column":41}},"202":{"start":{"line":406,"column":8},"end":{"line":409,"column":9}},"203":{"start":{"line":407,"column":12},"end":{"line":407,"column":48}},"204":{"start":{"line":407,"column":41},"end":{"line":407,"column":46}},"205":{"start":{"line":408,"column":12},"end":{"line":408,"column":54}},"206":{"start":{"line":415,"column":24},"end":{"line":425,"column":1}},"207":{"start":{"line":416,"column":24},"end":{"line":416,"column":42}},"208":{"start":{"line":417,"column":4},"end":{"line":417,"column":27}},"209":{"start":{"line":418,"column":4},"end":{"line":418,"column":33}},"210":{"start":{"line":419,"column":4},"end":{"line":419,"column":60}},"211":{"start":{"line":420,"column":4},"end":{"line":424,"column":13}},"212":{"start":{"line":421,"column":8},"end":{"line":421,"column":32}},"213":{"start":{"line":422,"column":8},"end":{"line":422,"column":41}},"214":{"start":{"line":423,"column":8},"end":{"line":423,"column":37}},"215":{"start":{"line":427,"column":0},"end":{"line":429,"column":1}}},"fnMap":{"0":{"name":"(anonymous_0)","decl":{"start":{"line":4,"column":19},"end":{"line":4,"column":20}},"loc":{"start":{"line":4,"column":30},"end":{"line":306,"column":1}},"line":4},"1":{"name":"(anonymous_1)","decl":{"start":{"line":27,"column":31},"end":{"line":27,"column":32}},"loc":{"start":{"line":27,"column":37},"end":{"line":30,"column":5}},"line":27},"2":{"name":"(anonymous_2)","decl":{"start":{"line":31,"column":30},"end":{"line":31,"column":31}},"loc":{"start":{"line":31,"column":36},"end":{"line":34,"column":5}},"line":31},"3":{"name":"(anonymous_3)","decl":{"start":{"line":35,"column":30},"end":{"line":35,"column":31}},"loc":{"start":{"line":35,"column":36},"end":{"line":52,"column":5}},"line":35},"4":{"name":"(anonymous_4)","decl":{"start":{"line":53,"column":24},"end":{"line":53,"column":25}},"loc":{"start":{"line":53,"column":30},"end":{"line":65,"column":5}},"line":53},"5":{"name":"(anonymous_5)","decl":{"start":{"line":66,"column":36},"end":{"line":66,"column":37}},"loc":{"start":{"line":66,"column":42},"end":{"line":73,"column":5}},"line":66},"6":{"name":"(anonymous_6)","decl":{"start":{"line":75,"column":20},"end":{"line":75,"column":21}},"loc":{"start":{"line":75,"column":26},"end":{"line":80,"column":5}},"line":75},"7":{"name":"(anonymous_7)","decl":{"start":{"line":81,"column":20},"end":{"line":81,"column":21}},"loc":{"start":{"line":81,"column":26},"end":{"line":86,"column":5}},"line":81},"8":{"name":"(anonymous_8)","decl":{"start":{"line":87,"column":20},"end":{"line":87,"column":21}},"loc":{"start":{"line":87,"column":26},"end":{"line":92,"column":5}},"line":87},"9":{"name":"(anonymous_9)","decl":{"start":{"line":93,"column":21},"end":{"line":93,"column":22}},"loc":{"start":{"line":93,"column":27},"end":{"line":98,"column":5}},"line":93},"10":{"name":"(anonymous_10)","decl":{"start":{"line":100,"column":20},"end":{"line":100,"column":21}},"loc":{"start":{"line":100,"column":26},"end":{"line":104,"column":5}},"line":100},"11":{"name":"(anonymous_11)","decl":{"start":{"line":105,"column":20},"end":{"line":105,"column":21}},"loc":{"start":{"line":105,"column":26},"end":{"line":117,"column":5}},"line":105},"12":{"name":"(anonymous_12)","decl":{"start":{"line":118,"column":20},"end":{"line":118,"column":21}},"loc":{"start":{"line":118,"column":26},"end":{"line":130,"column":5}},"line":118},"13":{"name":"(anonymous_13)","decl":{"start":{"line":131,"column":20},"end":{"line":131,"column":21}},"loc":{"start":{"line":131,"column":26},"end":{"line":133,"column":5}},"line":131},"14":{"name":"(anonymous_14)","decl":{"start":{"line":142,"column":29},"end":{"line":142,"column":30}},"loc":{"start":{"line":142,"column":35},"end":{"line":142,"column":57}},"line":142},"15":{"name":"(anonymous_15)","decl":{"start":{"line":147,"column":28},"end":{"line":147,"column":29}},"loc":{"start":{"line":147,"column":34},"end":{"line":147,"column":52}},"line":147},"16":{"name":"(anonymous_16)","decl":{"start":{"line":152,"column":28},"end":{"line":152,"column":29}},"loc":{"start":{"line":152,"column":34},"end":{"line":152,"column":55}},"line":152},"17":{"name":"(anonymous_17)","decl":{"start":{"line":161,"column":28},"end":{"line":161,"column":29}},"loc":{"start":{"line":161,"column":35},"end":{"line":164,"column":13}},"line":161},"18":{"name":"(anonymous_18)","decl":{"start":{"line":169,"column":28},"end":{"line":169,"column":29}},"loc":{"start":{"line":169,"column":35},"end":{"line":173,"column":13}},"line":169},"19":{"name":"(anonymous_19)","decl":{"start":{"line":182,"column":47},"end":{"line":182,"column":48}},"loc":{"start":{"line":182,"column":53},"end":{"line":182,"column":69}},"line":182},"20":{"name":"(anonymous_20)","decl":{"start":{"line":187,"column":48},"end":{"line":187,"column":49}},"loc":{"start":{"line":187,"column":54},"end":{"line":187,"column":71}},"line":187},"21":{"name":"(anonymous_21)","decl":{"start":{"line":193,"column":28},"end":{"line":193,"column":29}},"loc":{"start":{"line":193,"column":35},"end":{"line":211,"column":13}},"line":193},"22":{"name":"(anonymous_22)","decl":{"start":{"line":198,"column":72},"end":{"line":198,"column":73}},"loc":{"start":{"line":198,"column":82},"end":{"line":202,"column":21}},"line":198},"23":{"name":"(anonymous_23)","decl":{"start":{"line":204,"column":36},"end":{"line":204,"column":37}},"loc":{"start":{"line":204,"column":46},"end":{"line":209,"column":21}},"line":204},"24":{"name":"(anonymous_24)","decl":{"start":{"line":213,"column":49},"end":{"line":213,"column":50}},"loc":{"start":{"line":213,"column":56},"end":{"line":231,"column":13}},"line":213},"25":{"name":"(anonymous_25)","decl":{"start":{"line":218,"column":72},"end":{"line":218,"column":73}},"loc":{"start":{"line":218,"column":82},"end":{"line":222,"column":21}},"line":218},"26":{"name":"(anonymous_26)","decl":{"start":{"line":224,"column":36},"end":{"line":224,"column":37}},"loc":{"start":{"line":224,"column":46},"end":{"line":229,"column":21}},"line":224},"27":{"name":"(anonymous_27)","decl":{"start":{"line":233,"column":49},"end":{"line":233,"column":50}},"loc":{"start":{"line":233,"column":56},"end":{"line":251,"column":13}},"line":233},"28":{"name":"(anonymous_28)","decl":{"start":{"line":238,"column":72},"end":{"line":238,"column":73}},"loc":{"start":{"line":238,"column":82},"end":{"line":242,"column":21}},"line":238},"29":{"name":"(anonymous_29)","decl":{"start":{"line":244,"column":36},"end":{"line":244,"column":37}},"loc":{"start":{"line":244,"column":46},"end":{"line":249,"column":21}},"line":244},"30":{"name":"(anonymous_30)","decl":{"start":{"line":258,"column":58},"end":{"line":258,"column":59}},"loc":{"start":{"line":258,"column":66},"end":{"line":258,"column":138}},"line":258},"31":{"name":"(anonymous_31)","decl":{"start":{"line":284,"column":44},"end":{"line":284,"column":45}},"loc":{"start":{"line":284,"column":50},"end":{"line":284,"column":70}},"line":284},"32":{"name":"(anonymous_32)","decl":{"start":{"line":289,"column":44},"end":{"line":289,"column":45}},"loc":{"start":{"line":289,"column":50},"end":{"line":289,"column":74}},"line":289},"33":{"name":"(anonymous_33)","decl":{"start":{"line":294,"column":45},"end":{"line":294,"column":46}},"loc":{"start":{"line":294,"column":51},"end":{"line":294,"column":73}},"line":294},"34":{"name":"(anonymous_34)","decl":{"start":{"line":297,"column":111},"end":{"line":297,"column":112}},"loc":{"start":{"line":297,"column":118},"end":{"line":297,"column":183}},"line":297},"35":{"name":"(anonymous_35)","decl":{"start":{"line":309,"column":24},"end":{"line":309,"column":25}},"loc":{"start":{"line":309,"column":83},"end":{"line":322,"column":1}},"line":309},"36":{"name":"(anonymous_36)","decl":{"start":{"line":323,"column":23},"end":{"line":323,"column":24}},"loc":{"start":{"line":323,"column":93},"end":{"line":340,"column":1}},"line":323},"37":{"name":"(anonymous_37)","decl":{"start":{"line":341,"column":26},"end":{"line":341,"column":27}},"loc":{"start":{"line":341,"column":110},"end":{"line":358,"column":1}},"line":341},"38":{"name":"(anonymous_38)","decl":{"start":{"line":360,"column":27},"end":{"line":360,"column":28}},"loc":{"start":{"line":360,"column":88},"end":{"line":376,"column":1}},"line":360},"39":{"name":"(anonymous_39)","decl":{"start":{"line":377,"column":24},"end":{"line":377,"column":25}},"loc":{"start":{"line":377,"column":54},"end":{"line":392,"column":1}},"line":377},"40":{"name":"(anonymous_40)","decl":{"start":{"line":394,"column":21},"end":{"line":394,"column":22}},"loc":{"start":{"line":394,"column":64},"end":{"line":413,"column":1}},"line":394},"41":{"name":"(anonymous_41)","decl":{"start":{"line":407,"column":31},"end":{"line":407,"column":32}},"loc":{"start":{"line":407,"column":41},"end":{"line":407,"column":46}},"line":407},"42":{"name":"(anonymous_42)","decl":{"start":{"line":415,"column":24},"end":{"line":415,"column":25}},"loc":{"start":{"line":415,"column":51},"end":{"line":425,"column":1}},"line":415},"43":{"name":"(anonymous_43)","decl":{"start":{"line":420,"column":15},"end":{"line":420,"column":16}},"loc":{"start":{"line":420,"column":21},"end":{"line":424,"column":5}},"line":420}},"branchMap":{"0":{"loc":{"start":{"line":36,"column":8},"end":{"line":51,"column":9}},"type":"if","locations":[{"start":{"line":36,"column":8},"end":{"line":51,"column":9}},{"start":{"line":47,"column":15},"end":{"line":51,"column":9}}],"line":36},"1":{"loc":{"start":{"line":39,"column":12},"end":{"line":46,"column":13}},"type":"if","locations":[{"start":{"line":39,"column":12},"end":{"line":46,"column":13}},{"start":{},"end":{}}],"line":39},"2":{"loc":{"start":{"line":40,"column":16},"end":{"line":45,"column":17}},"type":"if","locations":[{"start":{"line":40,"column":16},"end":{"line":45,"column":17}},{"start":{},"end":{}}],"line":40},"3":{"loc":{"start":{"line":55,"column":8},"end":{"line":64,"column":9}},"type":"if","locations":[{"start":{"line":55,"column":8},"end":{"line":64,"column":9}},{"start":{},"end":{}}],"line":55},"4":{"loc":{"start":{"line":57,"column":12},"end":{"line":63,"column":13}},"type":"if","locations":[{"start":{"line":57,"column":12},"end":{"line":63,"column":13}},{"start":{},"end":{}}],"line":57},"5":{"loc":{"start":{"line":70,"column":8},"end":{"line":70,"column":49}},"type":"if","locations":[{"start":{"line":70,"column":8},"end":{"line":70,"column":49}},{"start":{},"end":{}}],"line":70},"6":{"loc":{"start":{"line":71,"column":8},"end":{"line":71,"column":51}},"type":"if","locations":[{"start":{"line":71,"column":8},"end":{"line":71,"column":51}},{"start":{},"end":{}}],"line":71},"7":{"loc":{"start":{"line":72,"column":8},"end":{"line":72,"column":53}},"type":"if","locations":[{"start":{"line":72,"column":8},"end":{"line":72,"column":53}},{"start":{},"end":{}}],"line":72},"8":{"loc":{"start":{"line":77,"column":8},"end":{"line":77,"column":96}},"type":"if","locations":[{"start":{"line":77,"column":8},"end":{"line":77,"column":96}},{"start":{},"end":{}}],"line":77},"9":{"loc":{"start":{"line":78,"column":8},"end":{"line":78,"column":106}},"type":"if","locations":[{"start":{"line":78,"column":8},"end":{"line":78,"column":106}},{"start":{},"end":{}}],"line":78},"10":{"loc":{"start":{"line":79,"column":8},"end":{"line":79,"column":125}},"type":"if","locations":[{"start":{"line":79,"column":8},"end":{"line":79,"column":125}},{"start":{},"end":{}}],"line":79},"11":{"loc":{"start":{"line":83,"column":8},"end":{"line":83,"column":58}},"type":"if","locations":[{"start":{"line":83,"column":8},"end":{"line":83,"column":58}},{"start":{},"end":{}}],"line":83},"12":{"loc":{"start":{"line":84,"column":8},"end":{"line":84,"column":58}},"type":"if","locations":[{"start":{"line":84,"column":8},"end":{"line":84,"column":58}},{"start":{},"end":{}}],"line":84},"13":{"loc":{"start":{"line":89,"column":8},"end":{"line":91,"column":9}},"type":"if","locations":[{"start":{"line":89,"column":8},"end":{"line":91,"column":9}},{"start":{},"end":{}}],"line":89},"14":{"loc":{"start":{"line":95,"column":8},"end":{"line":97,"column":9}},"type":"if","locations":[{"start":{"line":95,"column":8},"end":{"line":97,"column":9}},{"start":{},"end":{}}],"line":95},"15":{"loc":{"start":{"line":95,"column":12},"end":{"line":95,"column":61}},"type":"binary-expr","locations":[{"start":{"line":95,"column":12},"end":{"line":95,"column":25}},{"start":{"line":95,"column":29},"end":{"line":95,"column":61}}],"line":95},"16":{"loc":{"start":{"line":101,"column":8},"end":{"line":103,"column":9}},"type":"if","locations":[{"start":{"line":101,"column":8},"end":{"line":103,"column":9}},{"start":{},"end":{}}],"line":101},"17":{"loc":{"start":{"line":106,"column":8},"end":{"line":116,"column":9}},"type":"if","locations":[{"start":{"line":106,"column":8},"end":{"line":116,"column":9}},{"start":{"line":114,"column":15},"end":{"line":116,"column":9}}],"line":106},"18":{"loc":{"start":{"line":106,"column":12},"end":{"line":106,"column":66}},"type":"binary-expr","locations":[{"start":{"line":106,"column":12},"end":{"line":106,"column":50}},{"start":{"line":106,"column":54},"end":{"line":106,"column":66}}],"line":106},"19":{"loc":{"start":{"line":107,"column":12},"end":{"line":113,"column":13}},"type":"if","locations":[{"start":{"line":107,"column":12},"end":{"line":113,"column":13}},{"start":{},"end":{}}],"line":107},"20":{"loc":{"start":{"line":108,"column":16},"end":{"line":112,"column":17}},"type":"if","locations":[{"start":{"line":108,"column":16},"end":{"line":112,"column":17}},{"start":{"line":110,"column":23},"end":{"line":112,"column":17}}],"line":108},"21":{"loc":{"start":{"line":114,"column":15},"end":{"line":116,"column":9}},"type":"if","locations":[{"start":{"line":114,"column":15},"end":{"line":116,"column":9}},{"start":{},"end":{}}],"line":114},"22":{"loc":{"start":{"line":114,"column":19},"end":{"line":114,"column":74}},"type":"binary-expr","locations":[{"start":{"line":114,"column":19},"end":{"line":114,"column":57}},{"start":{"line":114,"column":61},"end":{"line":114,"column":74}}],"line":114},"23":{"loc":{"start":{"line":119,"column":8},"end":{"line":129,"column":9}},"type":"if","locations":[{"start":{"line":119,"column":8},"end":{"line":129,"column":9}},{"start":{},"end":{}}],"line":119},"24":{"loc":{"start":{"line":119,"column":12},"end":{"line":119,"column":76}},"type":"binary-expr","locations":[{"start":{"line":119,"column":12},"end":{"line":119,"column":50}},{"start":{"line":119,"column":54},"end":{"line":119,"column":76}}],"line":119},"25":{"loc":{"start":{"line":121,"column":12},"end":{"line":128,"column":13}},"type":"if","locations":[{"start":{"line":121,"column":12},"end":{"line":128,"column":13}},{"start":{},"end":{}}],"line":121},"26":{"loc":{"start":{"line":123,"column":16},"end":{"line":127,"column":17}},"type":"if","locations":[{"start":{"line":123,"column":16},"end":{"line":127,"column":17}},{"start":{},"end":{}}],"line":123},"27":{"loc":{"start":{"line":138,"column":152},"end":{"line":138,"column":228}},"type":"cond-expr","locations":[{"start":{"line":138,"column":191},"end":{"line":138,"column":223}},{"start":{"line":138,"column":226},"end":{"line":138,"column":228}}],"line":138},"28":{"loc":{"start":{"line":139,"column":17},"end":{"line":139,"column":102}},"type":"cond-expr","locations":[{"start":{"line":139,"column":56},"end":{"line":139,"column":97}},{"start":{"line":139,"column":100},"end":{"line":139,"column":102}}],"line":139},"29":{"loc":{"start":{"line":141,"column":21},"end":{"line":141,"column":108}},"type":"cond-expr","locations":[{"start":{"line":141,"column":60},"end":{"line":141,"column":103}},{"start":{"line":141,"column":106},"end":{"line":141,"column":108}}],"line":141},"30":{"loc":{"start":{"line":146,"column":21},"end":{"line":146,"column":102}},"type":"cond-expr","locations":[{"start":{"line":146,"column":60},"end":{"line":146,"column":97}},{"start":{"line":146,"column":100},"end":{"line":146,"column":102}}],"line":146},"31":{"loc":{"start":{"line":151,"column":21},"end":{"line":151,"column":105}},"type":"cond-expr","locations":[{"start":{"line":151,"column":60},"end":{"line":151,"column":100}},{"start":{"line":151,"column":103},"end":{"line":151,"column":105}}],"line":151},"32":{"loc":{"start":{"line":157,"column":131},"end":{"line":157,"column":207}},"type":"cond-expr","locations":[{"start":{"line":157,"column":170},"end":{"line":157,"column":202}},{"start":{"line":157,"column":205},"end":{"line":157,"column":207}}],"line":157},"33":{"loc":{"start":{"line":158,"column":17},"end":{"line":158,"column":101}},"type":"cond-expr","locations":[{"start":{"line":158,"column":56},"end":{"line":158,"column":96}},{"start":{"line":158,"column":99},"end":{"line":158,"column":101}}],"line":158},"34":{"loc":{"start":{"line":160,"column":21},"end":{"line":160,"column":99}},"type":"cond-expr","locations":[{"start":{"line":160,"column":60},"end":{"line":160,"column":94}},{"start":{"line":160,"column":97},"end":{"line":160,"column":99}}],"line":160},"35":{"loc":{"start":{"line":163,"column":32},"end":{"line":163,"column":82}},"type":"cond-expr","locations":[{"start":{"line":163,"column":51},"end":{"line":163,"column":67}},{"start":{"line":163,"column":70},"end":{"line":163,"column":82}}],"line":163},"36":{"loc":{"start":{"line":168,"column":21},"end":{"line":168,"column":99}},"type":"cond-expr","locations":[{"start":{"line":168,"column":60},"end":{"line":168,"column":94}},{"start":{"line":168,"column":97},"end":{"line":168,"column":99}}],"line":168},"37":{"loc":{"start":{"line":172,"column":32},"end":{"line":172,"column":92}},"type":"cond-expr","locations":[{"start":{"line":172,"column":61},"end":{"line":172,"column":77}},{"start":{"line":172,"column":80},"end":{"line":172,"column":92}}],"line":172},"38":{"loc":{"start":{"line":178,"column":119},"end":{"line":178,"column":195}},"type":"cond-expr","locations":[{"start":{"line":178,"column":158},"end":{"line":178,"column":190}},{"start":{"line":178,"column":193},"end":{"line":178,"column":195}}],"line":178},"39":{"loc":{"start":{"line":179,"column":17},"end":{"line":179,"column":97}},"type":"cond-expr","locations":[{"start":{"line":179,"column":56},"end":{"line":179,"column":92}},{"start":{"line":179,"column":95},"end":{"line":179,"column":97}}],"line":179},"40":{"loc":{"start":{"line":181,"column":21},"end":{"line":181,"column":98}},"type":"cond-expr","locations":[{"start":{"line":181,"column":60},"end":{"line":181,"column":93}},{"start":{"line":181,"column":96},"end":{"line":181,"column":98}}],"line":181},"41":{"loc":{"start":{"line":186,"column":21},"end":{"line":186,"column":99}},"type":"cond-expr","locations":[{"start":{"line":186,"column":60},"end":{"line":186,"column":94}},{"start":{"line":186,"column":97},"end":{"line":186,"column":99}}],"line":186},"42":{"loc":{"start":{"line":191,"column":22},"end":{"line":191,"column":103}},"type":"cond-expr","locations":[{"start":{"line":191,"column":61},"end":{"line":191,"column":98}},{"start":{"line":191,"column":101},"end":{"line":191,"column":103}}],"line":191},"43":{"loc":{"start":{"line":192,"column":72},"end":{"line":192,"column":153}},"type":"cond-expr","locations":[{"start":{"line":192,"column":111},"end":{"line":192,"column":148}},{"start":{"line":192,"column":151},"end":{"line":192,"column":153}}],"line":192},"44":{"loc":{"start":{"line":196,"column":16},"end":{"line":210,"column":17}},"type":"if","locations":[{"start":{"line":196,"column":16},"end":{"line":210,"column":17}},{"start":{"line":203,"column":23},"end":{"line":210,"column":17}}],"line":196},"45":{"loc":{"start":{"line":198,"column":20},"end":{"line":202,"column":23}},"type":"if","locations":[{"start":{"line":198,"column":20},"end":{"line":202,"column":23}},{"start":{},"end":{}}],"line":198},"46":{"loc":{"start":{"line":212,"column":41},"end":{"line":212,"column":125}},"type":"cond-expr","locations":[{"start":{"line":212,"column":80},"end":{"line":212,"column":120}},{"start":{"line":212,"column":123},"end":{"line":212,"column":125}}],"line":212},"47":{"loc":{"start":{"line":216,"column":16},"end":{"line":230,"column":17}},"type":"if","locations":[{"start":{"line":216,"column":16},"end":{"line":230,"column":17}},{"start":{"line":223,"column":23},"end":{"line":230,"column":17}}],"line":216},"48":{"loc":{"start":{"line":218,"column":20},"end":{"line":222,"column":23}},"type":"if","locations":[{"start":{"line":218,"column":20},"end":{"line":222,"column":23}},{"start":{},"end":{}}],"line":218},"49":{"loc":{"start":{"line":232,"column":66},"end":{"line":232,"column":149}},"type":"cond-expr","locations":[{"start":{"line":232,"column":105},"end":{"line":232,"column":144}},{"start":{"line":232,"column":147},"end":{"line":232,"column":149}}],"line":232},"50":{"loc":{"start":{"line":236,"column":16},"end":{"line":250,"column":17}},"type":"if","locations":[{"start":{"line":236,"column":16},"end":{"line":250,"column":17}},{"start":{"line":243,"column":23},"end":{"line":250,"column":17}}],"line":236},"51":{"loc":{"start":{"line":238,"column":20},"end":{"line":242,"column":23}},"type":"if","locations":[{"start":{"line":238,"column":20},"end":{"line":242,"column":23}},{"start":{},"end":{}}],"line":238},"52":{"loc":{"start":{"line":257,"column":21},"end":{"line":257,"column":104}},"type":"cond-expr","locations":[{"start":{"line":257,"column":60},"end":{"line":257,"column":99}},{"start":{"line":257,"column":102},"end":{"line":257,"column":104}}],"line":257},"53":{"loc":{"start":{"line":258,"column":66},"end":{"line":258,"column":138}},"type":"cond-expr","locations":[{"start":{"line":258,"column":92},"end":{"line":258,"column":113}},{"start":{"line":258,"column":116},"end":{"line":258,"column":138}}],"line":258},"54":{"loc":{"start":{"line":265,"column":17},"end":{"line":265,"column":112}},"type":"cond-expr","locations":[{"start":{"line":265,"column":42},"end":{"line":265,"column":57}},{"start":{"line":265,"column":60},"end":{"line":265,"column":112}}],"line":265},"55":{"loc":{"start":{"line":265,"column":60},"end":{"line":265,"column":112}},"type":"cond-expr","locations":[{"start":{"line":265,"column":84},"end":{"line":265,"column":100}},{"start":{"line":265,"column":103},"end":{"line":265,"column":112}}],"line":265},"56":{"loc":{"start":{"line":266,"column":13},"end":{"line":301,"column":13}},"type":"binary-expr","locations":[{"start":{"line":266,"column":13},"end":{"line":266,"column":51}},{"start":{"line":267,"column":16},"end":{"line":300,"column":19}}],"line":266},"57":{"loc":{"start":{"line":277,"column":78},"end":{"line":277,"column":154}},"type":"cond-expr","locations":[{"start":{"line":277,"column":117},"end":{"line":277,"column":149}},{"start":{"line":277,"column":152},"end":{"line":277,"column":154}}],"line":277},"58":{"loc":{"start":{"line":277,"column":173},"end":{"line":277,"column":256}},"type":"cond-expr","locations":[{"start":{"line":277,"column":212},"end":{"line":277,"column":251}},{"start":{"line":277,"column":254},"end":{"line":277,"column":256}}],"line":277},"59":{"loc":{"start":{"line":278,"column":72},"end":{"line":278,"column":148}},"type":"cond-expr","locations":[{"start":{"line":278,"column":111},"end":{"line":278,"column":143}},{"start":{"line":278,"column":146},"end":{"line":278,"column":148}}],"line":278},"60":{"loc":{"start":{"line":278,"column":167},"end":{"line":278,"column":250}},"type":"cond-expr","locations":[{"start":{"line":278,"column":206},"end":{"line":278,"column":245}},{"start":{"line":278,"column":248},"end":{"line":278,"column":250}}],"line":278},"61":{"loc":{"start":{"line":280,"column":79},"end":{"line":280,"column":155}},"type":"cond-expr","locations":[{"start":{"line":280,"column":118},"end":{"line":280,"column":150}},{"start":{"line":280,"column":153},"end":{"line":280,"column":155}}],"line":280},"62":{"loc":{"start":{"line":281,"column":28},"end":{"line":281,"column":112}},"type":"cond-expr","locations":[{"start":{"line":281,"column":67},"end":{"line":281,"column":107}},{"start":{"line":281,"column":110},"end":{"line":281,"column":112}}],"line":281},"63":{"loc":{"start":{"line":283,"column":37},"end":{"line":283,"column":118}},"type":"cond-expr","locations":[{"start":{"line":283,"column":76},"end":{"line":283,"column":113}},{"start":{"line":283,"column":116},"end":{"line":283,"column":118}}],"line":283},"64":{"loc":{"start":{"line":288,"column":37},"end":{"line":288,"column":121}},"type":"cond-expr","locations":[{"start":{"line":288,"column":76},"end":{"line":288,"column":116}},{"start":{"line":288,"column":119},"end":{"line":288,"column":121}}],"line":288},"65":{"loc":{"start":{"line":293,"column":37},"end":{"line":293,"column":120}},"type":"cond-expr","locations":[{"start":{"line":293,"column":76},"end":{"line":293,"column":115}},{"start":{"line":293,"column":118},"end":{"line":293,"column":120}}],"line":293},"66":{"loc":{"start":{"line":297,"column":25},"end":{"line":297,"column":201}},"type":"binary-expr","locations":[{"start":{"line":297,"column":25},"end":{"line":297,"column":32}},{"start":{"line":297,"column":37},"end":{"line":297,"column":200}}],"line":297},"67":{"loc":{"start":{"line":314,"column":4},"end":{"line":321,"column":5}},"type":"if","locations":[{"start":{"line":314,"column":4},"end":{"line":321,"column":5}},{"start":{"line":319,"column":11},"end":{"line":321,"column":5}}],"line":314},"68":{"loc":{"start":{"line":328,"column":4},"end":{"line":339,"column":5}},"type":"if","locations":[{"start":{"line":328,"column":4},"end":{"line":339,"column":5}},{"start":{"line":337,"column":11},"end":{"line":339,"column":5}}],"line":328},"69":{"loc":{"start":{"line":330,"column":8},"end":{"line":336,"column":9}},"type":"if","locations":[{"start":{"line":330,"column":8},"end":{"line":336,"column":9}},{"start":{"line":334,"column":15},"end":{"line":336,"column":9}}],"line":330},"70":{"loc":{"start":{"line":346,"column":4},"end":{"line":357,"column":5}},"type":"if","locations":[{"start":{"line":346,"column":4},"end":{"line":357,"column":5}},{"start":{"line":355,"column":11},"end":{"line":357,"column":5}}],"line":346},"71":{"loc":{"start":{"line":348,"column":8},"end":{"line":354,"column":9}},"type":"if","locations":[{"start":{"line":348,"column":8},"end":{"line":354,"column":9}},{"start":{"line":352,"column":15},"end":{"line":354,"column":9}}],"line":348},"72":{"loc":{"start":{"line":369,"column":4},"end":{"line":375,"column":5}},"type":"if","locations":[{"start":{"line":369,"column":4},"end":{"line":375,"column":5}},{"start":{"line":373,"column":11},"end":{"line":375,"column":5}}],"line":369},"73":{"loc":{"start":{"line":385,"column":4},"end":{"line":391,"column":5}},"type":"if","locations":[{"start":{"line":385,"column":4},"end":{"line":391,"column":5}},{"start":{"line":389,"column":11},"end":{"line":391,"column":5}}],"line":385},"74":{"loc":{"start":{"line":387,"column":8},"end":{"line":388,"column":31}},"type":"if","locations":[{"start":{"line":387,"column":8},"end":{"line":388,"column":31}},{"start":{"line":388,"column":13},"end":{"line":388,"column":31}}],"line":387},"75":{"loc":{"start":{"line":403,"column":4},"end":{"line":412,"column":5}},"type":"if","locations":[{"start":{"line":403,"column":4},"end":{"line":412,"column":5}},{"start":{"line":410,"column":11},"end":{"line":412,"column":5}}],"line":403},"76":{"loc":{"start":{"line":406,"column":8},"end":{"line":409,"column":9}},"type":"if","locations":[{"start":{"line":406,"column":8},"end":{"line":409,"column":9}},{"start":{},"end":{}}],"line":406},"77":{"loc":{"start":{"line":419,"column":25},"end":{"line":419,"column":59}},"type":"cond-expr","locations":[{"start":{"line":419,"column":44},"end":{"line":419,"column":49}},{"start":{"line":419,"column":52},"end":{"line":419,"column":59}}],"line":419}},"s":{"0":1,"1":1,"2":1,"3":56,"4":56,"5":56,"6":56,"7":56,"8":56,"9":56,"10":56,"11":56,"12":56,"13":56,"14":56,"15":56,"16":56,"17":56,"18":56,"19":56,"20":1,"21":1,"22":56,"23":11,"24":11,"25":56,"26":3,"27":0,"28":0,"29":0,"30":0,"31":0,"32":0,"33":0,"34":3,"35":3,"36":3,"37":56,"38":4,"39":4,"40":4,"41":4,"42":4,"43":4,"44":4,"45":4,"46":4,"47":56,"48":33,"49":33,"50":33,"51":33,"52":9,"53":33,"54":9,"55":33,"56":9,"57":56,"58":12,"59":12,"60":9,"61":12,"62":1,"63":12,"64":2,"65":56,"66":12,"67":12,"68":1,"69":12,"70":11,"71":56,"72":10,"73":2,"74":56,"75":9,"76":9,"77":0,"78":56,"79":20,"80":12,"81":56,"82":10,"83":1,"84":1,"85":1,"86":0,"87":9,"88":1,"89":56,"90":10,"91":1,"92":1,"93":1,"94":1,"95":1,"96":1,"97":1,"98":56,"99":8,"100":56,"101":1,"102":1,"103":1,"104":2,"105":2,"106":1,"107":1,"108":1,"109":0,"110":1,"111":0,"112":0,"113":0,"114":0,"115":0,"116":0,"117":0,"118":0,"119":0,"120":0,"121":0,"122":0,"123":0,"124":0,"125":0,"126":0,"127":0,"128":0,"129":0,"130":0,"131":0,"132":0,"133":0,"134":0,"135":0,"136":0,"137":0,"138":0,"139":2,"140":2,"141":2,"142":1,"143":1,"144":1,"145":1,"146":1,"147":1,"148":1,"149":1,"150":1,"151":1,"152":1,"153":2,"154":1,"155":0,"156":0,"157":1,"158":1,"159":9,"160":9,"161":9,"162":9,"163":9,"164":9,"165":1,"166":1,"167":1,"168":1,"169":1,"170":1,"171":1,"172":1,"173":0,"174":1,"175":2,"176":2,"177":2,"178":2,"179":2,"180":2,"181":2,"182":0,"183":1,"184":0,"185":0,"186":0,"187":0,"188":0,"189":1,"190":12,"191":12,"192":12,"193":12,"194":12,"195":6,"196":6,"197":1,"198":1,"199":1,"200":1,"201":1,"202":1,"203":1,"204":1,"205":1,"206":1,"207":1,"208":1,"209":1,"210":1,"211":1,"212":0,"213":0,"214":0,"215":1},"f":{"0":56,"1":1,"2":11,"3":3,"4":4,"5":33,"6":12,"7":12,"8":10,"9":9,"10":20,"11":10,"12":10,"13":8,"14":1,"15":1,"16":1,"17":2,"18":1,"19":0,"20":1,"21":0,"22":0,"23":0,"24":0,"25":0,"26":0,"27":2,"28":1,"29":1,"30":2,"31":1,"32":0,"33":0,"34":1,"35":9,"36":1,"37":2,"38":0,"39":12,"40":1,"41":1,"42":1,"43":0},"b":{"0":[0,3],"1":[0,0],"2":[0,0],"3":[4,0],"4":[4,0],"5":[9,24],"6":[9,24],"7":[9,24],"8":[9,3],"9":[1,11],"10":[2,10],"11":[1,11],"12":[11,1],"13":[2,8],"14":[0,9],"15":[9,1],"16":[12,8],"17":[1,9],"18":[10,2],"19":[1,0],"20":[1,0],"21":[1,8],"22":[9,1],"23":[1,9],"24":[10,2],"25":[1,0],"26":[1,0],"27":[48,8],"28":[48,8],"29":[48,8],"30":[48,8],"31":[48,8],"32":[48,8],"33":[48,8],"34":[48,8],"35":[1,1],"36":[48,8],"37":[1,0],"38":[48,8],"39":[48,8],"40":[48,8],"41":[48,8],"42":[48,8],"43":[48,8],"44":[0,0],"45":[0,0],"46":[48,8],"47":[0,0],"48":[0,0],"49":[48,8],"50":[1,1],"51":[1,0],"52":[48,8],"53":[1,1],"54":[54,2],"55":[1,1],"56":[56,40],"57":[40,0],"58":[40,0],"59":[40,0],"60":[40,0],"61":[40,0],"62":[40,0],"63":[40,0],"64":[40,0],"65":[40,0],"66":[40,17],"67":[9,0],"68":[1,0],"69":[1,0],"70":[2,0],"71":[2,0],"72":[0,0],"73":[12,0],"74":[6,6],"75":[1,0],"76":[1,0],"77":[0,1]},"_coverageSchema":"1a1c01bbd47fc00a2c39e90264f33305004495a9","hash":"bcb6699139f61c660d494d8cc42132743a91ff98"}
,"C:\\Users\\addgg\\Desktop\\Work\\GitHub Projects\\vista_task\\testing\\integratonAndUnit\\components\\register.js": {"path":"C:\\Users\\addgg\\Desktop\\Work\\GitHub Projects\\vista_task\\testing\\integratonAndUnit\\components\\register.js","statementMap":{"0":{"start":{"line":1,"column":14},"end":{"line":1,"column":30}},"1":{"start":{"line":2,"column":20},"end":{"line":2,"column":51}},"2":{"start":{"line":3,"column":17},"end":{"line":57,"column":1}},"3":{"start":{"line":4,"column":21},"end":{"line":4,"column":35}},"4":{"start":{"line":5,"column":36},"end":{"line":5,"column":54}},"5":{"start":{"line":6,"column":54},"end":{"line":6,"column":127}},"6":{"start":{"line":7,"column":21},"end":{"line":7,"column":39}},"7":{"start":{"line":8,"column":24},"end":{"line":8,"column":42}},"8":{"start":{"line":9,"column":44},"end":{"line":9,"column":62}},"9":{"start":{"line":10,"column":4},"end":{"line":12,"column":11}},"10":{"start":{"line":11,"column":8},"end":{"line":11,"column":36}},"11":{"start":{"line":14,"column":4},"end":{"line":16,"column":19}},"12":{"start":{"line":15,"column":8},"end":{"line":15,"column":57}},"13":{"start":{"line":17,"column":4},"end":{"line":56,"column":5}},"14":{"start":{"line":20,"column":98},"end":{"line":20,"column":132}},"15":{"start":{"line":37,"column":34},"end":{"line":37,"column":73}},"16":{"start":{"line":38,"column":35},"end":{"line":38,"column":73}},"17":{"start":{"line":39,"column":12},"end":{"line":42,"column":13}},"18":{"start":{"line":40,"column":16},"end":{"line":40,"column":46}},"19":{"start":{"line":41,"column":16},"end":{"line":41,"column":47}},"20":{"start":{"line":44,"column":34},"end":{"line":44,"column":73}},"21":{"start":{"line":45,"column":35},"end":{"line":45,"column":73}},"22":{"start":{"line":46,"column":12},"end":{"line":50,"column":13}},"23":{"start":{"line":47,"column":16},"end":{"line":47,"column":47}},"24":{"start":{"line":48,"column":16},"end":{"line":48,"column":48}},"25":{"start":{"line":49,"column":16},"end":{"line":49,"column":45}},"26":{"start":{"line":51,"column":27},"end":{"line":51,"column":120}},"27":{"start":{"line":52,"column":29},"end":{"line":52,"column":69}},"28":{"start":{"line":58,"column":33},"end":{"line":62,"column":1}},"29":{"start":{"line":59,"column":4},"end":{"line":59,"column":27}},"30":{"start":{"line":61,"column":4},"end":{"line":61,"column":84}},"31":{"start":{"line":66,"column":22},"end":{"line":84,"column":1}},"32":{"start":{"line":67,"column":18},"end":{"line":67,"column":63}},"33":{"start":{"line":70,"column":4},"end":{"line":70,"column":118}},"34":{"start":{"line":70,"column":22},"end":{"line":70,"column":118}},"35":{"start":{"line":73,"column":4},"end":{"line":73,"column":122}},"36":{"start":{"line":74,"column":4},"end":{"line":74,"column":126}},"37":{"start":{"line":74,"column":26},"end":{"line":74,"column":126}},"38":{"start":{"line":77,"column":4},"end":{"line":77,"column":75}},"39":{"start":{"line":77,"column":33},"end":{"line":77,"column":75}},"40":{"start":{"line":78,"column":4},"end":{"line":78,"column":81}},"41":{"start":{"line":78,"column":39},"end":{"line":78,"column":81}},"42":{"start":{"line":79,"column":4},"end":{"line":79,"column":88}},"43":{"start":{"line":79,"column":45},"end":{"line":79,"column":88}},"44":{"start":{"line":80,"column":4},"end":{"line":80,"column":111}},"45":{"start":{"line":80,"column":105},"end":{"line":80,"column":111}},"46":{"start":{"line":82,"column":21},"end":{"line":82,"column":48}},"47":{"start":{"line":83,"column":4},"end":{"line":83,"column":73}},"48":{"start":{"line":85,"column":33},"end":{"line":91,"column":1}},"49":{"start":{"line":86,"column":24},"end":{"line":86,"column":51}},"50":{"start":{"line":87,"column":4},"end":{"line":87,"column":53}},"51":{"start":{"line":88,"column":4},"end":{"line":90,"column":23}},"52":{"start":{"line":89,"column":8},"end":{"line":89,"column":45}},"53":{"start":{"line":92,"column":28},"end":{"line":106,"column":1}},"54":{"start":{"line":93,"column":4},"end":{"line":105,"column":5}},"55":{"start":{"line":94,"column":8},"end":{"line":94,"column":52}},"56":{"start":{"line":95,"column":11},"end":{"line":105,"column":5}},"57":{"start":{"line":96,"column":28},"end":{"line":96,"column":52}},"58":{"start":{"line":97,"column":8},"end":{"line":97,"column":43}},"59":{"start":{"line":98,"column":8},"end":{"line":98,"column":46}},"60":{"start":{"line":99,"column":8},"end":{"line":99,"column":47}},"61":{"start":{"line":100,"column":8},"end":{"line":104,"column":17}},"62":{"start":{"line":101,"column":12},"end":{"line":101,"column":48}},"63":{"start":{"line":102,"column":12},"end":{"line":102,"column":51}},"64":{"start":{"line":103,"column":12},"end":{"line":103,"column":53}},"65":{"start":{"line":108,"column":25},"end":{"line":140,"column":1}},"66":{"start":{"line":110,"column":4},"end":{"line":118,"column":5}},"67":{"start":{"line":111,"column":8},"end":{"line":113,"column":10}},"68":{"start":{"line":112,"column":12},"end":{"line":112,"column":41}},"69":{"start":{"line":115,"column":8},"end":{"line":117,"column":10}},"70":{"start":{"line":116,"column":12},"end":{"line":116,"column":42}},"71":{"start":{"line":120,"column":4},"end":{"line":128,"column":5}},"72":{"start":{"line":121,"column":8},"end":{"line":123,"column":10}},"73":{"start":{"line":122,"column":12},"end":{"line":122,"column":47}},"74":{"start":{"line":125,"column":8},"end":{"line":127,"column":10}},"75":{"start":{"line":126,"column":12},"end":{"line":126,"column":48}},"76":{"start":{"line":130,"column":13},"end":{"line":130,"column":53}},"77":{"start":{"line":131,"column":4},"end":{"line":139,"column":5}},"78":{"start":{"line":132,"column":8},"end":{"line":134,"column":10}},"79":{"start":{"line":133,"column":12},"end":{"line":133,"column":53}},"80":{"start":{"line":136,"column":8},"end":{"line":138,"column":10}},"81":{"start":{"line":137,"column":12},"end":{"line":137,"column":54}},"82":{"start":{"line":141,"column":24},"end":{"line":152,"column":1}},"83":{"start":{"line":142,"column":24},"end":{"line":142,"column":63}},"84":{"start":{"line":143,"column":24},"end":{"line":143,"column":47}},"85":{"start":{"line":144,"column":4},"end":{"line":144,"column":32}},"86":{"start":{"line":145,"column":4},"end":{"line":145,"column":38}},"87":{"start":{"line":146,"column":4},"end":{"line":146,"column":65}},"88":{"start":{"line":147,"column":4},"end":{"line":151,"column":13}},"89":{"start":{"line":148,"column":8},"end":{"line":148,"column":37}},"90":{"start":{"line":149,"column":8},"end":{"line":149,"column":46}},"91":{"start":{"line":150,"column":8},"end":{"line":150,"column":42}},"92":{"start":{"line":154,"column":31},"end":{"line":177,"column":1}},"93":{"start":{"line":155,"column":20},"end":{"line":155,"column":63}},"94":{"start":{"line":156,"column":30},"end":{"line":163,"column":6}},"95":{"start":{"line":165,"column":4},"end":{"line":176,"column":5}},"96":{"start":{"line":166,"column":35},"end":{"line":166,"column":65}},"97":{"start":{"line":167,"column":8},"end":{"line":167,"column":40}},"98":{"start":{"line":168,"column":8},"end":{"line":168,"column":152}},"99":{"start":{"line":168,"column":52},"end":{"line":168,"column":152}},"100":{"start":{"line":169,"column":8},"end":{"line":169,"column":103}},"101":{"start":{"line":169,"column":48},"end":{"line":169,"column":103}},"102":{"start":{"line":171,"column":8},"end":{"line":171,"column":127}},"103":{"start":{"line":171,"column":46},"end":{"line":171,"column":127}},"104":{"start":{"line":173,"column":8},"end":{"line":173,"column":82}},"105":{"start":{"line":179,"column":0},"end":{"line":181,"column":1}}},"fnMap":{"0":{"name":"(anonymous_0)","decl":{"start":{"line":3,"column":17},"end":{"line":3,"column":18}},"loc":{"start":{"line":3,"column":28},"end":{"line":57,"column":1}},"line":3},"1":{"name":"(anonymous_1)","decl":{"start":{"line":10,"column":20},"end":{"line":10,"column":21}},"loc":{"start":{"line":10,"column":26},"end":{"line":12,"column":5}},"line":10},"2":{"name":"(anonymous_2)","decl":{"start":{"line":14,"column":20},"end":{"line":14,"column":21}},"loc":{"start":{"line":14,"column":26},"end":{"line":16,"column":5}},"line":14},"3":{"name":"(anonymous_3)","decl":{"start":{"line":20,"column":91},"end":{"line":20,"column":92}},"loc":{"start":{"line":20,"column":98},"end":{"line":20,"column":132}},"line":20},"4":{"name":"(anonymous_4)","decl":{"start":{"line":36,"column":78},"end":{"line":36,"column":79}},"loc":{"start":{"line":36,"column":84},"end":{"line":43,"column":9}},"line":36},"5":{"name":"(anonymous_5)","decl":{"start":{"line":43,"column":27},"end":{"line":43,"column":28}},"loc":{"start":{"line":43,"column":33},"end":{"line":51,"column":9}},"line":43},"6":{"name":"(anonymous_6)","decl":{"start":{"line":51,"column":20},"end":{"line":51,"column":21}},"loc":{"start":{"line":51,"column":27},"end":{"line":51,"column":120}},"line":51},"7":{"name":"(anonymous_7)","decl":{"start":{"line":52,"column":22},"end":{"line":52,"column":23}},"loc":{"start":{"line":52,"column":29},"end":{"line":52,"column":69}},"line":52},"8":{"name":"(anonymous_8)","decl":{"start":{"line":58,"column":33},"end":{"line":58,"column":34}},"loc":{"start":{"line":58,"column":110},"end":{"line":62,"column":1}},"line":58},"9":{"name":"(anonymous_9)","decl":{"start":{"line":66,"column":22},"end":{"line":66,"column":23}},"loc":{"start":{"line":66,"column":96},"end":{"line":84,"column":1}},"line":66},"10":{"name":"(anonymous_10)","decl":{"start":{"line":85,"column":33},"end":{"line":85,"column":34}},"loc":{"start":{"line":85,"column":41},"end":{"line":91,"column":1}},"line":85},"11":{"name":"(anonymous_11)","decl":{"start":{"line":88,"column":49},"end":{"line":88,"column":50}},"loc":{"start":{"line":88,"column":55},"end":{"line":90,"column":5}},"line":88},"12":{"name":"(anonymous_12)","decl":{"start":{"line":92,"column":28},"end":{"line":92,"column":29}},"loc":{"start":{"line":92,"column":65},"end":{"line":106,"column":1}},"line":92},"13":{"name":"(anonymous_13)","decl":{"start":{"line":100,"column":19},"end":{"line":100,"column":20}},"loc":{"start":{"line":100,"column":25},"end":{"line":104,"column":9}},"line":100},"14":{"name":"(anonymous_14)","decl":{"start":{"line":108,"column":25},"end":{"line":108,"column":26}},"loc":{"start":{"line":108,"column":66},"end":{"line":140,"column":1}},"line":108},"15":{"name":"(anonymous_15)","decl":{"start":{"line":111,"column":29},"end":{"line":111,"column":30}},"loc":{"start":{"line":111,"column":39},"end":{"line":113,"column":9}},"line":111},"16":{"name":"(anonymous_16)","decl":{"start":{"line":115,"column":29},"end":{"line":115,"column":30}},"loc":{"start":{"line":115,"column":39},"end":{"line":117,"column":9}},"line":115},"17":{"name":"(anonymous_17)","decl":{"start":{"line":121,"column":29},"end":{"line":121,"column":30}},"loc":{"start":{"line":121,"column":39},"end":{"line":123,"column":9}},"line":121},"18":{"name":"(anonymous_18)","decl":{"start":{"line":125,"column":29},"end":{"line":125,"column":30}},"loc":{"start":{"line":125,"column":39},"end":{"line":127,"column":9}},"line":125},"19":{"name":"(anonymous_19)","decl":{"start":{"line":132,"column":29},"end":{"line":132,"column":30}},"loc":{"start":{"line":132,"column":39},"end":{"line":134,"column":9}},"line":132},"20":{"name":"(anonymous_20)","decl":{"start":{"line":136,"column":29},"end":{"line":136,"column":30}},"loc":{"start":{"line":136,"column":39},"end":{"line":138,"column":9}},"line":136},"21":{"name":"(anonymous_21)","decl":{"start":{"line":141,"column":24},"end":{"line":141,"column":25}},"loc":{"start":{"line":141,"column":43},"end":{"line":152,"column":1}},"line":141},"22":{"name":"(anonymous_22)","decl":{"start":{"line":147,"column":15},"end":{"line":147,"column":16}},"loc":{"start":{"line":147,"column":21},"end":{"line":151,"column":5}},"line":147},"23":{"name":"(anonymous_23)","decl":{"start":{"line":154,"column":31},"end":{"line":154,"column":32}},"loc":{"start":{"line":154,"column":87},"end":{"line":177,"column":1}},"line":154}},"branchMap":{"0":{"loc":{"start":{"line":19,"column":146},"end":{"line":19,"column":238}},"type":"cond-expr","locations":[{"start":{"line":19,"column":185},"end":{"line":19,"column":233}},{"start":{"line":19,"column":236},"end":{"line":19,"column":238}}],"line":19},"1":{"loc":{"start":{"line":20,"column":204},"end":{"line":20,"column":299}},"type":"cond-expr","locations":[{"start":{"line":20,"column":243},"end":{"line":20,"column":294}},{"start":{"line":20,"column":297},"end":{"line":20,"column":299}}],"line":20},"2":{"loc":{"start":{"line":21,"column":49},"end":{"line":21,"column":125}},"type":"cond-expr","locations":[{"start":{"line":21,"column":88},"end":{"line":21,"column":120}},{"start":{"line":21,"column":123},"end":{"line":21,"column":125}}],"line":21},"3":{"loc":{"start":{"line":22,"column":21},"end":{"line":22,"column":107}},"type":"cond-expr","locations":[{"start":{"line":22,"column":60},"end":{"line":22,"column":102}},{"start":{"line":22,"column":105},"end":{"line":22,"column":107}}],"line":22},"4":{"loc":{"start":{"line":24,"column":50},"end":{"line":24,"column":139}},"type":"cond-expr","locations":[{"start":{"line":24,"column":89},"end":{"line":24,"column":134}},{"start":{"line":24,"column":137},"end":{"line":24,"column":139}}],"line":24},"5":{"loc":{"start":{"line":25,"column":104},"end":{"line":25,"column":141}},"type":"cond-expr","locations":[{"start":{"line":25,"column":129},"end":{"line":25,"column":133}},{"start":{"line":25,"column":136},"end":{"line":25,"column":141}}],"line":25},"6":{"loc":{"start":{"line":28,"column":51},"end":{"line":28,"column":140}},"type":"cond-expr","locations":[{"start":{"line":28,"column":90},"end":{"line":28,"column":135}},{"start":{"line":28,"column":138},"end":{"line":28,"column":140}}],"line":28},"7":{"loc":{"start":{"line":29,"column":105},"end":{"line":29,"column":154}},"type":"cond-expr","locations":[{"start":{"line":29,"column":142},"end":{"line":29,"column":146}},{"start":{"line":29,"column":149},"end":{"line":29,"column":154}}],"line":29},"8":{"loc":{"start":{"line":32,"column":51},"end":{"line":32,"column":140}},"type":"cond-expr","locations":[{"start":{"line":32,"column":90},"end":{"line":32,"column":135}},{"start":{"line":32,"column":138},"end":{"line":32,"column":140}}],"line":32},"9":{"loc":{"start":{"line":33,"column":104},"end":{"line":33,"column":147}},"type":"cond-expr","locations":[{"start":{"line":33,"column":135},"end":{"line":33,"column":139}},{"start":{"line":33,"column":142},"end":{"line":33,"column":147}}],"line":33},"10":{"loc":{"start":{"line":39,"column":12},"end":{"line":42,"column":13}},"type":"if","locations":[{"start":{"line":39,"column":12},"end":{"line":42,"column":13}},{"start":{},"end":{}}],"line":39},"11":{"loc":{"start":{"line":39,"column":16},"end":{"line":39,"column":47}},"type":"binary-expr","locations":[{"start":{"line":39,"column":16},"end":{"line":39,"column":29}},{"start":{"line":39,"column":33},"end":{"line":39,"column":47}}],"line":39},"12":{"loc":{"start":{"line":46,"column":12},"end":{"line":50,"column":13}},"type":"if","locations":[{"start":{"line":46,"column":12},"end":{"line":50,"column":13}},{"start":{},"end":{}}],"line":46},"13":{"loc":{"start":{"line":46,"column":16},"end":{"line":46,"column":47}},"type":"binary-expr","locations":[{"start":{"line":46,"column":16},"end":{"line":46,"column":29}},{"start":{"line":46,"column":33},"end":{"line":46,"column":47}}],"line":46},"14":{"loc":{"start":{"line":54,"column":30},"end":{"line":54,"column":108}},"type":"cond-expr","locations":[{"start":{"line":54,"column":67},"end":{"line":54,"column":96}},{"start":{"line":54,"column":99},"end":{"line":54,"column":108}}],"line":54},"15":{"loc":{"start":{"line":54,"column":114},"end":{"line":54,"column":201}},"type":"cond-expr","locations":[{"start":{"line":54,"column":153},"end":{"line":54,"column":196}},{"start":{"line":54,"column":199},"end":{"line":54,"column":201}}],"line":54},"16":{"loc":{"start":{"line":70,"column":4},"end":{"line":70,"column":118}},"type":"if","locations":[{"start":{"line":70,"column":4},"end":{"line":70,"column":118}},{"start":{},"end":{}}],"line":70},"17":{"loc":{"start":{"line":74,"column":4},"end":{"line":74,"column":126}},"type":"if","locations":[{"start":{"line":74,"column":4},"end":{"line":74,"column":126}},{"start":{},"end":{}}],"line":74},"18":{"loc":{"start":{"line":77,"column":4},"end":{"line":77,"column":75}},"type":"if","locations":[{"start":{"line":77,"column":4},"end":{"line":77,"column":75}},{"start":{},"end":{}}],"line":77},"19":{"loc":{"start":{"line":78,"column":4},"end":{"line":78,"column":81}},"type":"if","locations":[{"start":{"line":78,"column":4},"end":{"line":78,"column":81}},{"start":{},"end":{}}],"line":78},"20":{"loc":{"start":{"line":79,"column":4},"end":{"line":79,"column":88}},"type":"if","locations":[{"start":{"line":79,"column":4},"end":{"line":79,"column":88}},{"start":{},"end":{}}],"line":79},"21":{"loc":{"start":{"line":80,"column":4},"end":{"line":80,"column":111}},"type":"if","locations":[{"start":{"line":80,"column":4},"end":{"line":80,"column":111}},{"start":{},"end":{}}],"line":80},"22":{"loc":{"start":{"line":80,"column":8},"end":{"line":80,"column":103}},"type":"binary-expr","locations":[{"start":{"line":80,"column":8},"end":{"line":80,"column":31}},{"start":{"line":80,"column":35},"end":{"line":80,"column":64}},{"start":{"line":80,"column":68},"end":{"line":80,"column":103}}],"line":80},"23":{"loc":{"start":{"line":93,"column":4},"end":{"line":105,"column":5}},"type":"if","locations":[{"start":{"line":93,"column":4},"end":{"line":105,"column":5}},{"start":{"line":95,"column":11},"end":{"line":105,"column":5}}],"line":93},"24":{"loc":{"start":{"line":95,"column":11},"end":{"line":105,"column":5}},"type":"if","locations":[{"start":{"line":95,"column":11},"end":{"line":105,"column":5}},{"start":{},"end":{}}],"line":95},"25":{"loc":{"start":{"line":110,"column":4},"end":{"line":118,"column":5}},"type":"if","locations":[{"start":{"line":110,"column":4},"end":{"line":118,"column":5}},{"start":{"line":114,"column":11},"end":{"line":118,"column":5}}],"line":110},"26":{"loc":{"start":{"line":120,"column":4},"end":{"line":128,"column":5}},"type":"if","locations":[{"start":{"line":120,"column":4},"end":{"line":128,"column":5}},{"start":{"line":124,"column":11},"end":{"line":128,"column":5}}],"line":120},"27":{"loc":{"start":{"line":120,"column":8},"end":{"line":120,"column":81}},"type":"binary-expr","locations":[{"start":{"line":120,"column":8},"end":{"line":120,"column":31}},{"start":{"line":120,"column":35},"end":{"line":120,"column":81}}],"line":120},"28":{"loc":{"start":{"line":131,"column":4},"end":{"line":139,"column":5}},"type":"if","locations":[{"start":{"line":131,"column":4},"end":{"line":139,"column":5}},{"start":{"line":135,"column":11},"end":{"line":139,"column":5}}],"line":131},"29":{"loc":{"start":{"line":146,"column":30},"end":{"line":146,"column":64}},"type":"cond-expr","locations":[{"start":{"line":146,"column":49},"end":{"line":146,"column":54}},{"start":{"line":146,"column":57},"end":{"line":146,"column":64}}],"line":146},"30":{"loc":{"start":{"line":165,"column":4},"end":{"line":176,"column":5}},"type":"if","locations":[{"start":{"line":165,"column":4},"end":{"line":176,"column":5}},{"start":{"line":174,"column":11},"end":{"line":176,"column":5}}],"line":165},"31":{"loc":{"start":{"line":168,"column":8},"end":{"line":168,"column":152}},"type":"if","locations":[{"start":{"line":168,"column":8},"end":{"line":168,"column":152}},{"start":{},"end":{}}],"line":168},"32":{"loc":{"start":{"line":169,"column":8},"end":{"line":169,"column":103}},"type":"if","locations":[{"start":{"line":169,"column":8},"end":{"line":169,"column":103}},{"start":{},"end":{}}],"line":169},"33":{"loc":{"start":{"line":171,"column":8},"end":{"line":171,"column":127}},"type":"if","locations":[{"start":{"line":171,"column":8},"end":{"line":171,"column":127}},{"start":{},"end":{}}],"line":171}},"s":{"0":1,"1":1,"2":1,"3":96,"4":96,"5":96,"6":96,"7":96,"8":96,"9":96,"10":4,"11":96,"12":48,"13":96,"14":44,"15":0,"16":0,"17":0,"18":0,"19":0,"20":0,"21":0,"22":0,"23":0,"24":0,"25":0,"26":6,"27":6,"28":1,"29":6,"30":6,"31":1,"32":6,"33":6,"34":1,"35":5,"36":5,"37":1,"38":4,"39":1,"40":4,"41":1,"42":4,"43":1,"44":4,"45":1,"46":3,"47":3,"48":1,"49":4,"50":4,"51":4,"52":0,"53":1,"54":3,"55":1,"56":2,"57":2,"58":2,"59":2,"60":2,"61":2,"62":2,"63":2,"64":2,"65":1,"66":48,"67":26,"68":26,"69":22,"70":22,"71":48,"72":45,"73":45,"74":3,"75":3,"76":48,"77":48,"78":2,"79":2,"80":46,"81":46,"82":1,"83":1,"84":1,"85":1,"86":1,"87":1,"88":1,"89":0,"90":0,"91":0,"92":1,"93":3,"94":3,"95":3,"96":3,"97":3,"98":3,"99":1,"100":2,"101":1,"102":1,"103":0,"104":1,"105":1},"f":{"0":96,"1":4,"2":48,"3":44,"4":0,"5":0,"6":6,"7":6,"8":6,"9":6,"10":4,"11":0,"12":3,"13":2,"14":48,"15":26,"16":22,"17":45,"18":3,"19":2,"20":46,"21":1,"22":0,"23":3},"b":{"0":[92,4],"1":[92,4],"2":[92,4],"3":[92,4],"4":[92,4],"5":[50,46],"6":[92,4],"7":[2,94],"8":[92,4],"9":[86,10],"10":[0,0],"11":[0,0],"12":[0,0],"13":[0,0],"14":[0,96],"15":[92,4],"16":[1,5],"17":[1,4],"18":[1,3],"19":[1,3],"20":[1,3],"21":[1,3],"22":[4,3,3],"23":[1,2],"24":[2,0],"25":[26,22],"26":[45,3],"27":[48,47],"28":[2,46],"29":[0,1],"30":[3,0],"31":[1,2],"32":[1,1],"33":[0,1]},"_coverageSchema":"1a1c01bbd47fc00a2c39e90264f33305004495a9","hash":"70e25caa49bad6a89efd6a53afa82e55ae9e19b0"}
}
