TN:
SF:components\createForm.js
FN:4,(anonymous_0)
FN:12,(anonymous_1)
FN:23,(anonymous_2)
FN:28,(anonymous_3)
FN:33,(anonymous_4)
FN:42,(anonymous_5)
FN:46,(anonymous_6)
FN:56,(anonymous_7)
FN:85,(anonymous_8)
FN:90,(anonymous_9)
FNF:10
FNH:7
FNDA:4,(anonymous_0)
FNDA:1,(anonymous_1)
FNDA:0,(anonymous_2)
FNDA:2,(anonymous_3)
FNDA:0,(anonymous_4)
FNDA:0,(anonymous_5)
FNDA:4,(anonymous_6)
FNDA:4,(anonymous_7)
FNDA:4,(anonymous_8)
FNDA:3,(anonymous_9)
DA:1,1
DA:2,1
DA:4,1
DA:5,4
DA:6,4
DA:7,4
DA:8,4
DA:9,4
DA:10,4
DA:11,4
DA:12,4
DA:13,1
DA:15,4
DA:23,0
DA:28,2
DA:33,0
DA:42,0
DA:47,4
DA:48,4
DA:56,1
DA:57,4
DA:58,4
DA:61,4
DA:63,2
DA:69,2
DA:77,2
DA:78,2
DA:79,2
DA:80,1
DA:85,1
DA:86,4
DA:87,4
DA:88,4
DA:89,4
DA:90,4
DA:91,3
DA:92,3
DA:93,3
DA:97,1
LF:39
LH:36
BRDA:6,0,0,4
BRDA:6,0,1,0
BRDA:6,0,2,0
BRDA:19,1,0,3
BRDA:19,1,1,1
BRDA:20,2,0,3
BRDA:20,2,1,1
BRDA:20,3,0,0
BRDA:20,3,1,4
BRDA:24,4,0,3
BRDA:24,4,1,1
BRDA:29,5,0,3
BRDA:29,5,1,1
BRDA:34,6,0,3
BRDA:34,6,1,1
BRDA:41,7,0,3
BRDA:41,7,1,1
BRDA:42,8,0,0
BRDA:42,8,1,0
BRDA:49,9,0,3
BRDA:49,9,1,1
BRDA:61,10,0,2
BRDA:61,10,1,2
BRDA:61,11,0,4
BRDA:61,11,1,3
BRDA:61,11,2,3
BRDA:77,12,0,2
BRDA:77,12,1,0
BRDA:79,13,0,1
BRDA:79,13,1,1
BRDA:89,14,0,3
BRDA:89,14,1,1
BRF:32
BRH:26
end_of_record
TN:
SF:components\login.js
FN:4,(anonymous_0)
FN:10,(anonymous_1)
FN:18,(anonymous_2)
FN:25,(anonymous_3)
FN:33,(anonymous_4)
FN:36,(anonymous_5)
FN:43,(anonymous_6)
FNF:7
FNH:5
FNDA:2,(anonymous_0)
FNDA:1,(anonymous_1)
FNDA:0,(anonymous_2)
FNDA:0,(anonymous_3)
FNDA:2,(anonymous_4)
FNDA:2,(anonymous_5)
FNDA:2,(anonymous_6)
DA:1,1
DA:2,1
DA:4,1
DA:5,2
DA:6,2
DA:7,2
DA:8,2
DA:9,2
DA:10,2
DA:11,1
DA:13,2
DA:19,0
DA:20,0
DA:21,0
DA:22,0
DA:23,0
DA:26,0
DA:27,0
DA:28,0
DA:29,0
DA:30,0
DA:31,0
DA:34,2
DA:35,2
DA:36,2
DA:43,1
DA:44,2
DA:48,2
DA:56,2
DA:57,2
DA:58,2
DA:59,1
DA:65,1
LF:33
LH:22
BRDA:15,0,0,1
BRDA:15,0,1,1
BRDA:16,1,0,1
BRDA:16,1,1,1
BRDA:21,2,0,0
BRDA:21,2,1,0
BRDA:21,3,0,0
BRDA:21,3,1,0
BRDA:28,4,0,0
BRDA:28,4,1,0
BRDA:28,5,0,0
BRDA:28,5,1,0
BRDA:38,6,0,0
BRDA:38,6,1,2
BRDA:38,7,0,1
BRDA:38,7,1,1
BRDA:56,8,0,2
BRDA:56,8,1,0
BRDA:58,9,0,1
BRDA:58,9,1,1
BRF:20
BRH:10
end_of_record
TN:
SF:components\manageView.js
FN:4,(anonymous_0)
FN:27,(anonymous_1)
FN:31,(anonymous_2)
FN:35,(anonymous_3)
FN:53,(anonymous_4)
FN:66,(anonymous_5)
FN:75,(anonymous_6)
FN:81,(anonymous_7)
FN:87,(anonymous_8)
FN:93,(anonymous_9)
FN:100,(anonymous_10)
FN:105,(anonymous_11)
FN:118,(anonymous_12)
FN:131,(anonymous_13)
FN:142,(anonymous_14)
FN:147,(anonymous_15)
FN:152,(anonymous_16)
FN:161,(anonymous_17)
FN:169,(anonymous_18)
FN:182,(anonymous_19)
FN:187,(anonymous_20)
FN:193,(anonymous_21)
FN:198,(anonymous_22)
FN:204,(anonymous_23)
FN:213,(anonymous_24)
FN:218,(anonymous_25)
FN:224,(anonymous_26)
FN:233,(anonymous_27)
FN:238,(anonymous_28)
FN:244,(anonymous_29)
FN:258,(anonymous_30)
FN:284,(anonymous_31)
FN:289,(anonymous_32)
FN:294,(anonymous_33)
FN:297,(anonymous_34)
FN:309,(anonymous_35)
FN:323,(anonymous_36)
FN:341,(anonymous_37)
FN:360,(anonymous_38)
FN:377,(anonymous_39)
FN:394,(anonymous_40)
FN:407,(anonymous_41)
FN:415,(anonymous_42)
FN:420,(anonymous_43)
FNF:44
FNH:33
FNDA:56,(anonymous_0)
FNDA:1,(anonymous_1)
FNDA:11,(anonymous_2)
FNDA:3,(anonymous_3)
FNDA:4,(anonymous_4)
FNDA:33,(anonymous_5)
FNDA:12,(anonymous_6)
FNDA:12,(anonymous_7)
FNDA:10,(anonymous_8)
FNDA:9,(anonymous_9)
FNDA:20,(anonymous_10)
FNDA:10,(anonymous_11)
FNDA:10,(anonymous_12)
FNDA:8,(anonymous_13)
FNDA:1,(anonymous_14)
FNDA:1,(anonymous_15)
FNDA:1,(anonymous_16)
FNDA:2,(anonymous_17)
FNDA:1,(anonymous_18)
FNDA:0,(anonymous_19)
FNDA:1,(anonymous_20)
FNDA:0,(anonymous_21)
FNDA:0,(anonymous_22)
FNDA:0,(anonymous_23)
FNDA:0,(anonymous_24)
FNDA:0,(anonymous_25)
FNDA:0,(anonymous_26)
FNDA:2,(anonymous_27)
FNDA:1,(anonymous_28)
FNDA:1,(anonymous_29)
FNDA:2,(anonymous_30)
FNDA:1,(anonymous_31)
FNDA:0,(anonymous_32)
FNDA:0,(anonymous_33)
FNDA:1,(anonymous_34)
FNDA:9,(anonymous_35)
FNDA:1,(anonymous_36)
FNDA:2,(anonymous_37)
FNDA:0,(anonymous_38)
FNDA:12,(anonymous_39)
FNDA:1,(anonymous_40)
FNDA:1,(anonymous_41)
FNDA:1,(anonymous_42)
FNDA:0,(anonymous_43)
DA:1,1
DA:2,1
DA:4,1
DA:5,56
DA:6,56
DA:7,56
DA:8,56
DA:9,56
DA:10,56
DA:12,56
DA:13,56
DA:14,56
DA:15,56
DA:17,56
DA:19,56
DA:21,56
DA:23,56
DA:24,56
DA:25,56
DA:27,56
DA:28,1
DA:29,1
DA:31,56
DA:32,11
DA:33,11
DA:35,56
DA:36,3
DA:38,0
DA:39,0
DA:40,0
DA:41,0
DA:42,0
DA:43,0
DA:44,0
DA:48,3
DA:49,3
DA:50,3
DA:53,56
DA:54,4
DA:55,4
DA:56,4
DA:57,4
DA:58,4
DA:59,4
DA:60,4
DA:61,4
DA:62,4
DA:66,56
DA:67,33
DA:68,33
DA:69,33
DA:70,33
DA:71,33
DA:72,33
DA:75,56
DA:76,12
DA:77,12
DA:78,12
DA:79,12
DA:81,56
DA:82,12
DA:83,12
DA:84,12
DA:87,56
DA:89,10
DA:90,2
DA:93,56
DA:94,9
DA:95,9
DA:96,0
DA:100,56
DA:101,20
DA:102,12
DA:105,56
DA:106,10
DA:107,1
DA:108,1
DA:109,1
DA:111,0
DA:114,9
DA:115,1
DA:118,56
DA:119,10
DA:120,1
DA:121,1
DA:122,1
DA:123,1
DA:124,1
DA:125,1
DA:126,1
DA:131,56
DA:132,8
DA:134,56
DA:142,1
DA:147,1
DA:152,1
DA:162,2
DA:163,2
DA:170,1
DA:171,1
DA:172,1
DA:182,0
DA:187,1
DA:194,0
DA:195,0
DA:196,0
DA:197,0
DA:198,0
DA:199,0
DA:200,0
DA:201,0
DA:204,0
DA:205,0
DA:206,0
DA:207,0
DA:208,0
DA:214,0
DA:215,0
DA:216,0
DA:217,0
DA:218,0
DA:219,0
DA:220,0
DA:221,0
DA:224,0
DA:225,0
DA:226,0
DA:227,0
DA:228,0
DA:234,2
DA:235,2
DA:236,2
DA:237,1
DA:238,1
DA:239,1
DA:240,1
DA:241,1
DA:244,1
DA:245,1
DA:246,1
DA:247,1
DA:248,1
DA:258,2
DA:284,1
DA:289,0
DA:294,0
DA:297,1
DA:309,1
DA:310,9
DA:314,9
DA:315,9
DA:316,9
DA:317,9
DA:318,9
DA:323,1
DA:324,1
DA:328,1
DA:329,1
DA:330,1
DA:331,1
DA:332,1
DA:333,1
DA:335,0
DA:341,1
DA:342,2
DA:346,2
DA:347,2
DA:348,2
DA:349,2
DA:350,2
DA:351,2
DA:353,0
DA:360,1
DA:361,0
DA:369,0
DA:370,0
DA:371,0
DA:372,0
DA:377,1
DA:378,12
DA:381,12
DA:385,12
DA:386,12
DA:387,12
DA:388,6
DA:394,1
DA:395,1
DA:403,1
DA:404,1
DA:405,1
DA:406,1
DA:407,1
DA:408,1
DA:415,1
DA:416,1
DA:417,1
DA:418,1
DA:419,1
DA:420,1
DA:421,0
DA:422,0
DA:423,0
DA:427,1
LF:203
LH:155
BRDA:36,0,0,0
BRDA:36,0,1,3
BRDA:39,1,0,0
BRDA:39,1,1,0
BRDA:40,2,0,0
BRDA:40,2,1,0
BRDA:55,3,0,4
BRDA:55,3,1,0
BRDA:57,4,0,4
BRDA:57,4,1,0
BRDA:70,5,0,9
BRDA:70,5,1,24
BRDA:71,6,0,9
BRDA:71,6,1,24
BRDA:72,7,0,9
BRDA:72,7,1,24
BRDA:77,8,0,9
BRDA:77,8,1,3
BRDA:78,9,0,1
BRDA:78,9,1,11
BRDA:79,10,0,2
BRDA:79,10,1,10
BRDA:83,11,0,1
BRDA:83,11,1,11
BRDA:84,12,0,11
BRDA:84,12,1,1
BRDA:89,13,0,2
BRDA:89,13,1,8
BRDA:95,14,0,0
BRDA:95,14,1,9
BRDA:95,15,0,9
BRDA:95,15,1,1
BRDA:101,16,0,12
BRDA:101,16,1,8
BRDA:106,17,0,1
BRDA:106,17,1,9
BRDA:106,18,0,10
BRDA:106,18,1,2
BRDA:107,19,0,1
BRDA:107,19,1,0
BRDA:108,20,0,1
BRDA:108,20,1,0
BRDA:114,21,0,1
BRDA:114,21,1,8
BRDA:114,22,0,9
BRDA:114,22,1,1
BRDA:119,23,0,1
BRDA:119,23,1,9
BRDA:119,24,0,10
BRDA:119,24,1,2
BRDA:121,25,0,1
BRDA:121,25,1,0
BRDA:123,26,0,1
BRDA:123,26,1,0
BRDA:138,27,0,48
BRDA:138,27,1,8
BRDA:139,28,0,48
BRDA:139,28,1,8
BRDA:141,29,0,48
BRDA:141,29,1,8
BRDA:146,30,0,48
BRDA:146,30,1,8
BRDA:151,31,0,48
BRDA:151,31,1,8
BRDA:157,32,0,48
BRDA:157,32,1,8
BRDA:158,33,0,48
BRDA:158,33,1,8
BRDA:160,34,0,48
BRDA:160,34,1,8
BRDA:163,35,0,1
BRDA:163,35,1,1
BRDA:168,36,0,48
BRDA:168,36,1,8
BRDA:172,37,0,1
BRDA:172,37,1,0
BRDA:178,38,0,48
BRDA:178,38,1,8
BRDA:179,39,0,48
BRDA:179,39,1,8
BRDA:181,40,0,48
BRDA:181,40,1,8
BRDA:186,41,0,48
BRDA:186,41,1,8
BRDA:191,42,0,48
BRDA:191,42,1,8
BRDA:192,43,0,48
BRDA:192,43,1,8
BRDA:196,44,0,0
BRDA:196,44,1,0
BRDA:198,45,0,0
BRDA:198,45,1,0
BRDA:212,46,0,48
BRDA:212,46,1,8
BRDA:216,47,0,0
BRDA:216,47,1,0
BRDA:218,48,0,0
BRDA:218,48,1,0
BRDA:232,49,0,48
BRDA:232,49,1,8
BRDA:236,50,0,1
BRDA:236,50,1,1
BRDA:238,51,0,1
BRDA:238,51,1,0
BRDA:257,52,0,48
BRDA:257,52,1,8
BRDA:258,53,0,1
BRDA:258,53,1,1
BRDA:265,54,0,54
BRDA:265,54,1,2
BRDA:265,55,0,1
BRDA:265,55,1,1
BRDA:266,56,0,56
BRDA:266,56,1,40
BRDA:277,57,0,40
BRDA:277,57,1,0
BRDA:277,58,0,40
BRDA:277,58,1,0
BRDA:278,59,0,40
BRDA:278,59,1,0
BRDA:278,60,0,40
BRDA:278,60,1,0
BRDA:280,61,0,40
BRDA:280,61,1,0
BRDA:281,62,0,40
BRDA:281,62,1,0
BRDA:283,63,0,40
BRDA:283,63,1,0
BRDA:288,64,0,40
BRDA:288,64,1,0
BRDA:293,65,0,40
BRDA:293,65,1,0
BRDA:297,66,0,40
BRDA:297,66,1,17
BRDA:314,67,0,9
BRDA:314,67,1,0
BRDA:328,68,0,1
BRDA:328,68,1,0
BRDA:330,69,0,1
BRDA:330,69,1,0
BRDA:346,70,0,2
BRDA:346,70,1,0
BRDA:348,71,0,2
BRDA:348,71,1,0
BRDA:369,72,0,0
BRDA:369,72,1,0
BRDA:385,73,0,12
BRDA:385,73,1,0
BRDA:387,74,0,6
BRDA:387,74,1,6
BRDA:403,75,0,1
BRDA:403,75,1,0
BRDA:406,76,0,1
BRDA:406,76,1,0
BRDA:419,77,0,0
BRDA:419,77,1,1
BRF:156
BRH:114
end_of_record
TN:
SF:components\register.js
FN:3,(anonymous_0)
FN:10,(anonymous_1)
FN:14,(anonymous_2)
FN:20,(anonymous_3)
FN:36,(anonymous_4)
FN:43,(anonymous_5)
FN:51,(anonymous_6)
FN:52,(anonymous_7)
FN:58,(anonymous_8)
FN:66,(anonymous_9)
FN:85,(anonymous_10)
FN:88,(anonymous_11)
FN:92,(anonymous_12)
FN:100,(anonymous_13)
FN:108,(anonymous_14)
FN:111,(anonymous_15)
FN:115,(anonymous_16)
FN:121,(anonymous_17)
FN:125,(anonymous_18)
FN:132,(anonymous_19)
FN:136,(anonymous_20)
FN:141,(anonymous_21)
FN:147,(anonymous_22)
FN:154,(anonymous_23)
FNF:24
FNH:20
FNDA:96,(anonymous_0)
FNDA:4,(anonymous_1)
FNDA:48,(anonymous_2)
FNDA:44,(anonymous_3)
FNDA:0,(anonymous_4)
FNDA:0,(anonymous_5)
FNDA:6,(anonymous_6)
FNDA:6,(anonymous_7)
FNDA:6,(anonymous_8)
FNDA:6,(anonymous_9)
FNDA:4,(anonymous_10)
FNDA:0,(anonymous_11)
FNDA:3,(anonymous_12)
FNDA:2,(anonymous_13)
FNDA:48,(anonymous_14)
FNDA:26,(anonymous_15)
FNDA:22,(anonymous_16)
FNDA:45,(anonymous_17)
FNDA:3,(anonymous_18)
FNDA:2,(anonymous_19)
FNDA:46,(anonymous_20)
FNDA:1,(anonymous_21)
FNDA:0,(anonymous_22)
FNDA:3,(anonymous_23)
DA:1,1
DA:2,1
DA:3,1
DA:4,96
DA:5,96
DA:6,96
DA:7,96
DA:8,96
DA:9,96
DA:10,96
DA:11,4
DA:14,96
DA:15,48
DA:17,96
DA:20,44
DA:37,0
DA:38,0
DA:39,0
DA:40,0
DA:41,0
DA:44,0
DA:45,0
DA:46,0
DA:47,0
DA:48,0
DA:49,0
DA:51,6
DA:52,6
DA:58,1
DA:59,6
DA:61,6
DA:66,1
DA:67,6
DA:70,6
DA:73,5
DA:74,5
DA:77,4
DA:78,4
DA:79,4
DA:80,4
DA:82,3
DA:83,3
DA:85,1
DA:86,4
DA:87,4
DA:88,4
DA:89,0
DA:92,1
DA:93,3
DA:94,1
DA:95,2
DA:96,2
DA:97,2
DA:98,2
DA:99,2
DA:100,2
DA:101,2
DA:102,2
DA:103,2
DA:108,1
DA:110,48
DA:111,26
DA:112,26
DA:115,22
DA:116,22
DA:120,48
DA:121,45
DA:122,45
DA:125,3
DA:126,3
DA:130,48
DA:131,48
DA:132,2
DA:133,2
DA:136,46
DA:137,46
DA:141,1
DA:142,1
DA:143,1
DA:144,1
DA:145,1
DA:146,1
DA:147,1
DA:148,0
DA:149,0
DA:150,0
DA:154,1
DA:155,3
DA:156,3
DA:165,3
DA:166,3
DA:167,3
DA:168,3
DA:169,2
DA:171,1
DA:173,1
DA:179,1
LF:97
LH:82
BRDA:19,0,0,92
BRDA:19,0,1,4
BRDA:20,1,0,92
BRDA:20,1,1,4
BRDA:21,2,0,92
BRDA:21,2,1,4
BRDA:22,3,0,92
BRDA:22,3,1,4
BRDA:24,4,0,92
BRDA:24,4,1,4
BRDA:25,5,0,50
BRDA:25,5,1,46
BRDA:28,6,0,92
BRDA:28,6,1,4
BRDA:29,7,0,2
BRDA:29,7,1,94
BRDA:32,8,0,92
BRDA:32,8,1,4
BRDA:33,9,0,86
BRDA:33,9,1,10
BRDA:39,10,0,0
BRDA:39,10,1,0
BRDA:39,11,0,0
BRDA:39,11,1,0
BRDA:46,12,0,0
BRDA:46,12,1,0
BRDA:46,13,0,0
BRDA:46,13,1,0
BRDA:54,14,0,0
BRDA:54,14,1,96
BRDA:54,15,0,92
BRDA:54,15,1,4
BRDA:70,16,0,1
BRDA:70,16,1,5
BRDA:74,17,0,1
BRDA:74,17,1,4
BRDA:77,18,0,1
BRDA:77,18,1,3
BRDA:78,19,0,1
BRDA:78,19,1,3
BRDA:79,20,0,1
BRDA:79,20,1,3
BRDA:80,21,0,1
BRDA:80,21,1,3
BRDA:80,22,0,4
BRDA:80,22,1,3
BRDA:80,22,2,3
BRDA:93,23,0,1
BRDA:93,23,1,2
BRDA:95,24,0,2
BRDA:95,24,1,0
BRDA:110,25,0,26
BRDA:110,25,1,22
BRDA:120,26,0,45
BRDA:120,26,1,3
BRDA:120,27,0,48
BRDA:120,27,1,47
BRDA:131,28,0,2
BRDA:131,28,1,46
BRDA:146,29,0,0
BRDA:146,29,1,1
BRDA:165,30,0,3
BRDA:165,30,1,0
BRDA:168,31,0,1
BRDA:168,31,1,2
BRDA:169,32,0,1
BRDA:169,32,1,1
BRDA:171,33,0,0
BRDA:171,33,1,1
BRF:69
BRH:56
end_of_record
